mode: atomic
github.com/cubny/httpqueue/internal/infra/redis/redis.go:15.42,17.2 1 0
github.com/cubny/httpqueue/internal/infra/redis/redis.go:20.47,22.2 1 0
github.com/cubny/httpqueue/internal/infra/redis/redis.go:24.59,28.22 3 0
github.com/cubny/httpqueue/internal/infra/redis/redis.go:32.2,32.24 1 0
github.com/cubny/httpqueue/internal/infra/redis/redis.go:53.2,53.15 1 0
github.com/cubny/httpqueue/internal/infra/redis/redis.go:28.22,30.3 1 0
github.com/cubny/httpqueue/internal/infra/redis/redis.go:32.24,42.3 1 0
github.com/cubny/httpqueue/internal/infra/redis/redis.go:42.8,52.3 1 0
github.com/cubny/httpqueue/internal/infra/redis/timer/model.go:21.42,23.2 1 0
github.com/cubny/httpqueue/internal/infra/redis/timer/model.go:25.42,29.2 2 0
github.com/cubny/httpqueue/internal/infra/redis/timer/model.go:31.55,35.2 3 0
github.com/cubny/httpqueue/internal/infra/redis/timer/model.go:37.46,43.2 1 0
github.com/cubny/httpqueue/internal/infra/redis/timer/model.go:45.53,47.16 2 0
github.com/cubny/httpqueue/internal/infra/redis/timer/model.go:51.2,55.8 1 0
github.com/cubny/httpqueue/internal/infra/redis/timer/model.go:47.16,49.3 1 0
github.com/cubny/httpqueue/internal/app.go:48.46,55.32 6 0
github.com/cubny/httpqueue/internal/app.go:68.2,68.17 1 0
github.com/cubny/httpqueue/internal/app.go:56.18,59.20 3 0
github.com/cubny/httpqueue/internal/app.go:60.22,61.19 1 0
github.com/cubny/httpqueue/internal/app.go:62.20,63.16 1 0
github.com/cubny/httpqueue/internal/app.go:64.18,65.20 1 0
github.com/cubny/httpqueue/internal/app.go:71.46,72.18 1 0
github.com/cubny/httpqueue/internal/app.go:75.2,75.13 1 0
github.com/cubny/httpqueue/internal/app.go:72.18,74.3 1 0
github.com/cubny/httpqueue/internal/app.go:78.31,79.33 1 0
github.com/cubny/httpqueue/internal/app.go:79.33,84.3 3 0
github.com/cubny/httpqueue/internal/app.go:87.34,88.33 1 0
github.com/cubny/httpqueue/internal/app.go:88.33,90.17 2 0
github.com/cubny/httpqueue/internal/app.go:95.3,96.11 2 0
github.com/cubny/httpqueue/internal/app.go:90.17,93.4 2 0
github.com/cubny/httpqueue/internal/app.go:100.33,102.15 1 0
github.com/cubny/httpqueue/internal/app.go:102.15,104.18 2 0
github.com/cubny/httpqueue/internal/app.go:108.4,109.12 2 0
github.com/cubny/httpqueue/internal/app.go:104.18,106.5 1 0
github.com/cubny/httpqueue/internal/app.go:114.32,116.15 1 0
github.com/cubny/httpqueue/internal/app.go:116.15,120.18 4 0
github.com/cubny/httpqueue/internal/app.go:125.4,128.12 3 0
github.com/cubny/httpqueue/internal/app.go:120.18,123.5 2 0
github.com/cubny/httpqueue/internal/app.go:133.38,134.33 1 0
github.com/cubny/httpqueue/internal/app.go:134.33,136.13 2 0
github.com/cubny/httpqueue/internal/app.go:142.3,142.11 1 0
github.com/cubny/httpqueue/internal/app.go:136.13,137.110 1 0
github.com/cubny/httpqueue/internal/app.go:137.110,139.5 1 0
github.com/cubny/httpqueue/internal/app.go:146.36,150.51 4 0
github.com/cubny/httpqueue/internal/app.go:154.2,155.10 2 0
github.com/cubny/httpqueue/internal/app.go:150.51,153.3 2 0
github.com/cubny/httpqueue/internal/app.go:158.36,159.33 1 0
github.com/cubny/httpqueue/internal/app.go:159.33,161.17 2 0
github.com/cubny/httpqueue/internal/app.go:165.3,170.13 2 0
github.com/cubny/httpqueue/internal/app.go:177.3,177.11 1 0
github.com/cubny/httpqueue/internal/app.go:161.17,164.4 2 0
github.com/cubny/httpqueue/internal/app.go:170.13,172.54 2 0
github.com/cubny/httpqueue/internal/app.go:172.54,174.5 1 0
github.com/cubny/httpqueue/internal/app.go:181.35,182.33 1 0
github.com/cubny/httpqueue/internal/app.go:182.33,194.17 4 0
github.com/cubny/httpqueue/internal/app.go:198.3,199.17 2 0
github.com/cubny/httpqueue/internal/app.go:203.3,205.13 2 0
github.com/cubny/httpqueue/internal/app.go:211.3,211.11 1 0
github.com/cubny/httpqueue/internal/app.go:194.17,196.4 1 0
github.com/cubny/httpqueue/internal/app.go:199.17,201.4 1 0
github.com/cubny/httpqueue/internal/app.go:205.13,206.43 1 0
github.com/cubny/httpqueue/internal/app.go:206.43,208.5 1 0
github.com/cubny/httpqueue/internal/app.go:215.28,217.20 2 0
github.com/cubny/httpqueue/internal/app.go:221.2,221.24 1 0
github.com/cubny/httpqueue/internal/app.go:225.2,225.30 1 0
github.com/cubny/httpqueue/internal/app.go:217.20,219.3 1 0
github.com/cubny/httpqueue/internal/app.go:221.24,223.3 1 0
github.com/cubny/httpqueue/internal/app.go:228.24,232.2 3 0
github.com/cubny/httpqueue/internal/mocks/external/redis/client_mock.go:28.59,32.2 3 0
github.com/cubny/httpqueue/internal/mocks/external/redis/client_mock.go:35.57,37.2 1 0
github.com/cubny/httpqueue/internal/mocks/external/redis/client_mock.go:40.48,43.2 2 0
github.com/cubny/httpqueue/internal/mocks/external/redis/client_mock.go:46.75,49.2 2 0
github.com/cubny/httpqueue/internal/mocks/external/redis/client_mock.go:52.85,57.2 4 0
github.com/cubny/httpqueue/internal/mocks/external/redis/client_mock.go:60.86,63.2 2 0
github.com/cubny/httpqueue/internal/mocks/external/redis/client_mock.go:66.120,71.2 4 0
github.com/cubny/httpqueue/internal/mocks/external/redis/client_mock.go:74.104,77.2 2 0
github.com/cubny/httpqueue/internal/mocks/external/redis/client_mock.go:80.109,83.25 3 0
github.com/cubny/httpqueue/internal/mocks/external/redis/client_mock.go:86.2,88.13 3 0
github.com/cubny/httpqueue/internal/mocks/external/redis/client_mock.go:83.25,85.3 1 0
github.com/cubny/httpqueue/internal/mocks/external/redis/client_mock.go:92.100,96.2 3 0
github.com/cubny/httpqueue/internal/mocks/external/redis/client_mock.go:99.109,102.25 3 0
github.com/cubny/httpqueue/internal/mocks/external/redis/client_mock.go:105.2,107.13 3 0
github.com/cubny/httpqueue/internal/mocks/external/redis/client_mock.go:102.25,104.3 1 0
github.com/cubny/httpqueue/internal/mocks/external/redis/client_mock.go:111.100,115.2 3 0
github.com/cubny/httpqueue/internal/mocks/external/redis/client_mock.go:118.112,123.2 4 0
github.com/cubny/httpqueue/internal/mocks/external/redis/client_mock.go:126.96,129.2 2 0
github.com/cubny/httpqueue/internal/mocks/external/redis/client_mock.go:132.109,135.25 3 0
github.com/cubny/httpqueue/internal/mocks/external/redis/client_mock.go:138.2,140.13 3 0
github.com/cubny/httpqueue/internal/mocks/external/redis/client_mock.go:135.25,137.3 1 0
github.com/cubny/httpqueue/internal/mocks/external/redis/client_mock.go:144.103,148.2 3 0
github.com/cubny/httpqueue/internal/mocks/external/redis/client_mock.go:151.109,154.25 3 0
github.com/cubny/httpqueue/internal/mocks/external/redis/client_mock.go:157.2,159.13 3 0
github.com/cubny/httpqueue/internal/mocks/external/redis/client_mock.go:154.25,156.3 1 0
github.com/cubny/httpqueue/internal/mocks/external/redis/client_mock.go:163.103,167.2 3 0
github.com/cubny/httpqueue/internal/mocks/external/redis/client_mock.go:170.75,175.2 4 0
github.com/cubny/httpqueue/internal/mocks/external/redis/client_mock.go:178.80,181.2 2 0
github.com/cubny/httpqueue/internal/mocks/external/redis/client_mock.go:184.69,189.2 4 0
github.com/cubny/httpqueue/internal/mocks/external/redis/client_mock.go:192.74,195.2 2 0
github.com/cubny/httpqueue/internal/mocks/external/redis/client_mock.go:198.103,203.2 4 0
github.com/cubny/httpqueue/internal/mocks/external/redis/client_mock.go:206.88,209.2 2 0
github.com/cubny/httpqueue/internal/mocks/external/redis/client_mock.go:212.107,215.25 3 0
github.com/cubny/httpqueue/internal/mocks/external/redis/client_mock.go:218.2,220.13 3 0
github.com/cubny/httpqueue/internal/mocks/external/redis/client_mock.go:215.25,217.3 1 0
github.com/cubny/httpqueue/internal/mocks/external/redis/client_mock.go:224.103,228.2 3 0
github.com/cubny/httpqueue/internal/mocks/external/redis/client_mock.go:231.97,234.25 3 0
github.com/cubny/httpqueue/internal/mocks/external/redis/client_mock.go:237.2,239.13 3 0
github.com/cubny/httpqueue/internal/mocks/external/redis/client_mock.go:234.25,236.3 1 0
github.com/cubny/httpqueue/internal/mocks/external/redis/client_mock.go:243.103,247.2 3 0
github.com/cubny/httpqueue/internal/mocks/external/redis/client_mock.go:250.87,255.2 4 0
github.com/cubny/httpqueue/internal/mocks/external/redis/client_mock.go:258.88,261.2 2 0
github.com/cubny/httpqueue/internal/mocks/external/redis/client_mock.go:264.96,267.25 3 0
github.com/cubny/httpqueue/internal/mocks/external/redis/client_mock.go:270.2,272.13 3 0
github.com/cubny/httpqueue/internal/mocks/external/redis/client_mock.go:267.25,269.3 1 0
github.com/cubny/httpqueue/internal/mocks/external/redis/client_mock.go:276.102,280.2 3 0
github.com/cubny/httpqueue/internal/mocks/external/redis/client_mock.go:283.97,286.25 3 0
github.com/cubny/httpqueue/internal/mocks/external/redis/client_mock.go:289.2,291.13 3 0
github.com/cubny/httpqueue/internal/mocks/external/redis/client_mock.go:286.25,288.3 1 0
github.com/cubny/httpqueue/internal/mocks/external/redis/client_mock.go:295.103,299.2 3 0
github.com/cubny/httpqueue/internal/mocks/external/redis/client_mock.go:302.106,305.25 3 0
github.com/cubny/httpqueue/internal/mocks/external/redis/client_mock.go:308.2,310.13 3 0
github.com/cubny/httpqueue/internal/mocks/external/redis/client_mock.go:305.25,307.3 1 0
github.com/cubny/httpqueue/internal/mocks/external/redis/client_mock.go:314.107,318.2 3 0
github.com/cubny/httpqueue/internal/mocks/external/redis/client_mock.go:321.76,326.2 4 0
github.com/cubny/httpqueue/internal/mocks/external/redis/client_mock.go:329.81,332.2 2 0
github.com/cubny/httpqueue/internal/mocks/external/redis/client_mock.go:335.68,340.2 4 0
github.com/cubny/httpqueue/internal/mocks/external/redis/client_mock.go:343.76,346.2 2 0
github.com/cubny/httpqueue/internal/mocks/external/redis/client_mock.go:349.86,354.2 4 0
github.com/cubny/httpqueue/internal/mocks/external/redis/client_mock.go:357.84,360.2 2 0
github.com/cubny/httpqueue/internal/mocks/external/redis/client_mock.go:363.94,366.25 3 0
github.com/cubny/httpqueue/internal/mocks/external/redis/client_mock.go:369.2,371.13 3 0
github.com/cubny/httpqueue/internal/mocks/external/redis/client_mock.go:366.25,368.3 1 0
github.com/cubny/httpqueue/internal/mocks/external/redis/client_mock.go:375.107,379.2 3 0
github.com/cubny/httpqueue/internal/mocks/external/redis/client_mock.go:382.73,387.2 4 0
github.com/cubny/httpqueue/internal/mocks/external/redis/client_mock.go:390.78,393.2 2 0
github.com/cubny/httpqueue/internal/mocks/external/redis/client_mock.go:396.92,401.2 4 0
github.com/cubny/httpqueue/internal/mocks/external/redis/client_mock.go:404.85,407.2 2 0
github.com/cubny/httpqueue/internal/mocks/external/redis/client_mock.go:410.37,415.2 4 0
github.com/cubny/httpqueue/internal/mocks/external/redis/client_mock.go:418.57,421.2 2 0
github.com/cubny/httpqueue/internal/mocks/external/redis/client_mock.go:424.91,427.25 3 0
github.com/cubny/httpqueue/internal/mocks/external/redis/client_mock.go:430.2,432.13 3 0
github.com/cubny/httpqueue/internal/mocks/external/redis/client_mock.go:427.25,429.3 1 0
github.com/cubny/httpqueue/internal/mocks/external/redis/client_mock.go:436.104,440.2 3 0
github.com/cubny/httpqueue/internal/mocks/external/redis/client_mock.go:443.99,448.2 4 0
github.com/cubny/httpqueue/internal/mocks/external/redis/client_mock.go:451.100,454.2 2 0
github.com/cubny/httpqueue/internal/mocks/external/redis/client_mock.go:457.99,462.2 4 0
github.com/cubny/httpqueue/internal/mocks/external/redis/client_mock.go:465.100,468.2 2 0
github.com/cubny/httpqueue/internal/mocks/external/redis/client_mock.go:471.92,476.2 4 0
github.com/cubny/httpqueue/internal/mocks/external/redis/client_mock.go:479.96,482.2 2 0
github.com/cubny/httpqueue/internal/mocks/external/redis/client_mock.go:485.91,488.25 3 0
github.com/cubny/httpqueue/internal/mocks/external/redis/client_mock.go:491.2,493.13 3 0
github.com/cubny/httpqueue/internal/mocks/external/redis/client_mock.go:488.25,490.3 1 0
github.com/cubny/httpqueue/internal/mocks/external/redis/client_mock.go:497.104,501.2 3 0
github.com/cubny/httpqueue/internal/mocks/external/redis/client_mock.go:504.99,509.2 4 0
github.com/cubny/httpqueue/internal/mocks/external/redis/client_mock.go:512.100,515.2 2 0
github.com/cubny/httpqueue/internal/mocks/external/redis/client_mock.go:518.78,523.2 4 0
github.com/cubny/httpqueue/internal/mocks/external/redis/client_mock.go:526.83,529.2 2 0
github.com/cubny/httpqueue/internal/mocks/external/redis/client_mock.go:532.89,537.2 4 0
github.com/cubny/httpqueue/internal/mocks/external/redis/client_mock.go:540.87,543.2 2 0
github.com/cubny/httpqueue/internal/mocks/external/redis/client_mock.go:546.104,551.2 4 0
github.com/cubny/httpqueue/internal/mocks/external/redis/client_mock.go:554.100,557.2 2 0
github.com/cubny/httpqueue/internal/mocks/external/redis/client_mock.go:560.74,565.2 4 0
github.com/cubny/httpqueue/internal/mocks/external/redis/client_mock.go:568.79,571.2 2 0
github.com/cubny/httpqueue/internal/mocks/external/redis/client_mock.go:574.87,579.2 4 0
github.com/cubny/httpqueue/internal/mocks/external/redis/client_mock.go:582.88,585.2 2 0
github.com/cubny/httpqueue/internal/mocks/external/redis/client_mock.go:588.93,593.2 4 0
github.com/cubny/httpqueue/internal/mocks/external/redis/client_mock.go:596.91,599.2 2 0
github.com/cubny/httpqueue/internal/mocks/external/redis/client_mock.go:602.75,607.2 4 0
github.com/cubny/httpqueue/internal/mocks/external/redis/client_mock.go:610.80,613.2 2 0
github.com/cubny/httpqueue/internal/mocks/external/redis/client_mock.go:616.92,621.2 4 0
github.com/cubny/httpqueue/internal/mocks/external/redis/client_mock.go:624.90,627.2 2 0
github.com/cubny/httpqueue/internal/mocks/external/redis/client_mock.go:630.79,635.2 4 0
github.com/cubny/httpqueue/internal/mocks/external/redis/client_mock.go:638.84,641.2 2 0
github.com/cubny/httpqueue/internal/mocks/external/redis/client_mock.go:644.79,649.2 4 0
github.com/cubny/httpqueue/internal/mocks/external/redis/client_mock.go:652.84,655.2 2 0
github.com/cubny/httpqueue/internal/mocks/external/redis/client_mock.go:658.80,663.2 4 0
github.com/cubny/httpqueue/internal/mocks/external/redis/client_mock.go:666.85,669.2 2 0
github.com/cubny/httpqueue/internal/mocks/external/redis/client_mock.go:672.94,677.2 4 0
github.com/cubny/httpqueue/internal/mocks/external/redis/client_mock.go:680.87,683.2 2 0
github.com/cubny/httpqueue/internal/mocks/external/redis/client_mock.go:686.81,691.2 4 0
github.com/cubny/httpqueue/internal/mocks/external/redis/client_mock.go:694.80,697.2 2 0
github.com/cubny/httpqueue/internal/mocks/external/redis/client_mock.go:700.76,705.2 4 0
github.com/cubny/httpqueue/internal/mocks/external/redis/client_mock.go:708.75,711.2 2 0
github.com/cubny/httpqueue/internal/mocks/external/redis/client_mock.go:714.84,719.2 4 0
github.com/cubny/httpqueue/internal/mocks/external/redis/client_mock.go:722.83,725.2 2 0
github.com/cubny/httpqueue/internal/mocks/external/redis/client_mock.go:728.78,733.2 4 0
github.com/cubny/httpqueue/internal/mocks/external/redis/client_mock.go:736.83,739.2 2 0
github.com/cubny/httpqueue/internal/mocks/external/redis/client_mock.go:742.76,747.2 4 0
github.com/cubny/httpqueue/internal/mocks/external/redis/client_mock.go:750.81,753.2 2 0
github.com/cubny/httpqueue/internal/mocks/external/redis/client_mock.go:756.91,761.2 4 0
github.com/cubny/httpqueue/internal/mocks/external/redis/client_mock.go:764.89,767.2 2 0
github.com/cubny/httpqueue/internal/mocks/external/redis/client_mock.go:770.49,775.2 4 0
github.com/cubny/httpqueue/internal/mocks/external/redis/client_mock.go:778.59,781.2 2 0
github.com/cubny/httpqueue/internal/mocks/external/redis/client_mock.go:784.104,789.2 4 0
github.com/cubny/httpqueue/internal/mocks/external/redis/client_mock.go:792.96,795.2 2 0
github.com/cubny/httpqueue/internal/mocks/external/redis/client_mock.go:798.66,803.2 4 0
github.com/cubny/httpqueue/internal/mocks/external/redis/client_mock.go:806.74,809.2 2 0
github.com/cubny/httpqueue/internal/mocks/external/redis/client_mock.go:812.87,817.2 4 0
github.com/cubny/httpqueue/internal/mocks/external/redis/client_mock.go:820.85,823.2 2 0
github.com/cubny/httpqueue/internal/mocks/external/redis/client_mock.go:826.77,831.2 4 0
github.com/cubny/httpqueue/internal/mocks/external/redis/client_mock.go:834.78,837.2 2 0
github.com/cubny/httpqueue/internal/mocks/external/redis/client_mock.go:840.91,845.2 4 0
github.com/cubny/httpqueue/internal/mocks/external/redis/client_mock.go:848.86,851.2 2 0
github.com/cubny/httpqueue/internal/mocks/external/redis/client_mock.go:854.79,857.25 3 0
github.com/cubny/httpqueue/internal/mocks/external/redis/client_mock.go:860.2,862.13 3 0
github.com/cubny/httpqueue/internal/mocks/external/redis/client_mock.go:857.25,859.3 1 0
github.com/cubny/httpqueue/internal/mocks/external/redis/client_mock.go:866.92,870.2 3 0
github.com/cubny/httpqueue/internal/mocks/external/redis/client_mock.go:873.80,876.25 3 0
github.com/cubny/httpqueue/internal/mocks/external/redis/client_mock.go:879.2,881.13 3 0
github.com/cubny/httpqueue/internal/mocks/external/redis/client_mock.go:876.25,878.3 1 0
github.com/cubny/httpqueue/internal/mocks/external/redis/client_mock.go:885.91,889.2 3 0
github.com/cubny/httpqueue/internal/mocks/external/redis/client_mock.go:892.80,897.2 4 0
github.com/cubny/httpqueue/internal/mocks/external/redis/client_mock.go:900.78,903.2 2 0
github.com/cubny/httpqueue/internal/mocks/external/redis/client_mock.go:906.85,911.2 4 0
github.com/cubny/httpqueue/internal/mocks/external/redis/client_mock.go:914.78,917.2 2 0
github.com/cubny/httpqueue/internal/mocks/external/redis/client_mock.go:920.110,923.25 3 0
github.com/cubny/httpqueue/internal/mocks/external/redis/client_mock.go:926.2,928.13 3 0
github.com/cubny/httpqueue/internal/mocks/external/redis/client_mock.go:923.25,925.3 1 0
github.com/cubny/httpqueue/internal/mocks/external/redis/client_mock.go:932.105,936.2 3 0
github.com/cubny/httpqueue/internal/mocks/external/redis/client_mock.go:939.113,942.25 3 0
github.com/cubny/httpqueue/internal/mocks/external/redis/client_mock.go:945.2,947.13 3 0
github.com/cubny/httpqueue/internal/mocks/external/redis/client_mock.go:942.25,944.3 1 0
github.com/cubny/httpqueue/internal/mocks/external/redis/client_mock.go:951.108,955.2 3 0
github.com/cubny/httpqueue/internal/mocks/external/redis/client_mock.go:958.82,961.25 3 0
github.com/cubny/httpqueue/internal/mocks/external/redis/client_mock.go:964.2,966.13 3 0
github.com/cubny/httpqueue/internal/mocks/external/redis/client_mock.go:961.25,963.3 1 0
github.com/cubny/httpqueue/internal/mocks/external/redis/client_mock.go:970.95,974.2 3 0
github.com/cubny/httpqueue/internal/mocks/external/redis/client_mock.go:977.100,982.2 4 0
github.com/cubny/httpqueue/internal/mocks/external/redis/client_mock.go:985.86,988.2 2 0
github.com/cubny/httpqueue/internal/mocks/external/redis/client_mock.go:991.98,996.2 4 0
github.com/cubny/httpqueue/internal/mocks/external/redis/client_mock.go:999.88,1002.2 2 0
github.com/cubny/httpqueue/internal/mocks/external/redis/client_mock.go:1005.102,1010.2 4 0
github.com/cubny/httpqueue/internal/mocks/external/redis/client_mock.go:1013.88,1016.2 2 0
github.com/cubny/httpqueue/internal/mocks/external/redis/client_mock.go:1019.102,1024.2 4 0
github.com/cubny/httpqueue/internal/mocks/external/redis/client_mock.go:1027.88,1030.2 2 0
github.com/cubny/httpqueue/internal/mocks/external/redis/client_mock.go:1033.102,1038.2 4 0
github.com/cubny/httpqueue/internal/mocks/external/redis/client_mock.go:1041.88,1044.2 2 0
github.com/cubny/httpqueue/internal/mocks/external/redis/client_mock.go:1047.102,1052.2 4 0
github.com/cubny/httpqueue/internal/mocks/external/redis/client_mock.go:1055.88,1058.2 2 0
github.com/cubny/httpqueue/internal/mocks/external/redis/client_mock.go:1061.71,1066.2 4 0
github.com/cubny/httpqueue/internal/mocks/external/redis/client_mock.go:1069.76,1072.2 2 0
github.com/cubny/httpqueue/internal/mocks/external/redis/client_mock.go:1075.76,1080.2 4 0
github.com/cubny/httpqueue/internal/mocks/external/redis/client_mock.go:1083.81,1086.2 2 0
github.com/cubny/httpqueue/internal/mocks/external/redis/client_mock.go:1089.70,1094.2 4 0
github.com/cubny/httpqueue/internal/mocks/external/redis/client_mock.go:1097.75,1100.2 2 0
github.com/cubny/httpqueue/internal/mocks/external/redis/client_mock.go:1103.75,1108.2 4 0
github.com/cubny/httpqueue/internal/mocks/external/redis/client_mock.go:1111.80,1114.2 2 0
github.com/cubny/httpqueue/internal/mocks/external/redis/client_mock.go:1117.107,1120.25 3 0
github.com/cubny/httpqueue/internal/mocks/external/redis/client_mock.go:1123.2,1125.13 3 0
github.com/cubny/httpqueue/internal/mocks/external/redis/client_mock.go:1120.25,1122.3 1 0
github.com/cubny/httpqueue/internal/mocks/external/redis/client_mock.go:1129.101,1133.2 3 0
github.com/cubny/httpqueue/internal/mocks/external/redis/client_mock.go:1136.100,1141.2 4 0
github.com/cubny/httpqueue/internal/mocks/external/redis/client_mock.go:1144.99,1147.2 2 0
github.com/cubny/httpqueue/internal/mocks/external/redis/client_mock.go:1150.104,1153.25 3 0
github.com/cubny/httpqueue/internal/mocks/external/redis/client_mock.go:1156.2,1158.13 3 0
github.com/cubny/httpqueue/internal/mocks/external/redis/client_mock.go:1153.25,1155.3 1 0
github.com/cubny/httpqueue/internal/mocks/external/redis/client_mock.go:1162.102,1166.2 3 0
github.com/cubny/httpqueue/internal/mocks/external/redis/client_mock.go:1169.98,1172.25 3 0
github.com/cubny/httpqueue/internal/mocks/external/redis/client_mock.go:1175.2,1177.13 3 0
github.com/cubny/httpqueue/internal/mocks/external/redis/client_mock.go:1172.25,1174.3 1 0
github.com/cubny/httpqueue/internal/mocks/external/redis/client_mock.go:1181.101,1185.2 3 0
github.com/cubny/httpqueue/internal/mocks/external/redis/client_mock.go:1188.138,1193.2 4 0
github.com/cubny/httpqueue/internal/mocks/external/redis/client_mock.go:1196.101,1199.2 2 0
github.com/cubny/httpqueue/internal/mocks/external/redis/client_mock.go:1202.132,1207.2 4 0
github.com/cubny/httpqueue/internal/mocks/external/redis/client_mock.go:1210.103,1213.2 2 0
github.com/cubny/httpqueue/internal/mocks/external/redis/client_mock.go:1216.129,1221.2 4 0
github.com/cubny/httpqueue/internal/mocks/external/redis/client_mock.go:1224.108,1227.2 2 0
github.com/cubny/httpqueue/internal/mocks/external/redis/client_mock.go:1230.135,1235.2 4 0
github.com/cubny/httpqueue/internal/mocks/external/redis/client_mock.go:1238.106,1241.2 2 0
github.com/cubny/httpqueue/internal/mocks/external/redis/client_mock.go:1244.118,1249.2 4 0
github.com/cubny/httpqueue/internal/mocks/external/redis/client_mock.go:1252.89,1255.2 2 0
github.com/cubny/httpqueue/internal/mocks/external/redis/client_mock.go:1258.140,1263.2 4 0
github.com/cubny/httpqueue/internal/mocks/external/redis/client_mock.go:1266.97,1269.2 2 0
github.com/cubny/httpqueue/internal/mocks/external/redis/client_mock.go:1272.126,1277.2 4 0
github.com/cubny/httpqueue/internal/mocks/external/redis/client_mock.go:1280.100,1283.2 2 0
github.com/cubny/httpqueue/internal/mocks/external/redis/client_mock.go:1286.79,1291.2 4 0
github.com/cubny/httpqueue/internal/mocks/external/redis/client_mock.go:1294.77,1297.2 2 0
github.com/cubny/httpqueue/internal/mocks/external/redis/client_mock.go:1300.91,1305.2 4 0
github.com/cubny/httpqueue/internal/mocks/external/redis/client_mock.go:1308.86,1311.2 2 0
github.com/cubny/httpqueue/internal/mocks/external/redis/client_mock.go:1314.82,1319.2 4 0
github.com/cubny/httpqueue/internal/mocks/external/redis/client_mock.go:1322.80,1325.2 2 0
github.com/cubny/httpqueue/internal/mocks/external/redis/client_mock.go:1328.101,1333.2 4 0
github.com/cubny/httpqueue/internal/mocks/external/redis/client_mock.go:1336.85,1339.2 2 0
github.com/cubny/httpqueue/internal/mocks/external/redis/client_mock.go:1342.102,1347.2 4 0
github.com/cubny/httpqueue/internal/mocks/external/redis/client_mock.go:1350.94,1353.2 2 0
github.com/cubny/httpqueue/internal/mocks/external/redis/client_mock.go:1356.100,1361.2 4 0
github.com/cubny/httpqueue/internal/mocks/external/redis/client_mock.go:1364.86,1367.2 2 0
github.com/cubny/httpqueue/internal/mocks/external/redis/client_mock.go:1370.93,1373.25 3 0
github.com/cubny/httpqueue/internal/mocks/external/redis/client_mock.go:1376.2,1378.13 3 0
github.com/cubny/httpqueue/internal/mocks/external/redis/client_mock.go:1373.25,1375.3 1 0
github.com/cubny/httpqueue/internal/mocks/external/redis/client_mock.go:1382.99,1386.2 3 0
github.com/cubny/httpqueue/internal/mocks/external/redis/client_mock.go:1389.87,1394.2 4 0
github.com/cubny/httpqueue/internal/mocks/external/redis/client_mock.go:1397.87,1400.2 2 0
github.com/cubny/httpqueue/internal/mocks/external/redis/client_mock.go:1403.86,1408.2 4 0
github.com/cubny/httpqueue/internal/mocks/external/redis/client_mock.go:1411.84,1414.2 2 0
github.com/cubny/httpqueue/internal/mocks/external/redis/client_mock.go:1417.92,1422.2 4 0
github.com/cubny/httpqueue/internal/mocks/external/redis/client_mock.go:1425.81,1428.2 2 0
github.com/cubny/httpqueue/internal/mocks/external/redis/client_mock.go:1431.98,1436.2 4 0
github.com/cubny/httpqueue/internal/mocks/external/redis/client_mock.go:1439.93,1442.2 2 0
github.com/cubny/httpqueue/internal/mocks/external/redis/client_mock.go:1445.107,1450.2 4 0
github.com/cubny/httpqueue/internal/mocks/external/redis/client_mock.go:1453.98,1456.2 2 0
github.com/cubny/httpqueue/internal/mocks/external/redis/client_mock.go:1459.86,1464.2 4 0
github.com/cubny/httpqueue/internal/mocks/external/redis/client_mock.go:1467.79,1470.2 2 0
github.com/cubny/httpqueue/internal/mocks/external/redis/client_mock.go:1473.77,1478.2 4 0
github.com/cubny/httpqueue/internal/mocks/external/redis/client_mock.go:1481.78,1484.2 2 0
github.com/cubny/httpqueue/internal/mocks/external/redis/client_mock.go:1487.96,1490.25 3 0
github.com/cubny/httpqueue/internal/mocks/external/redis/client_mock.go:1493.2,1495.13 3 0
github.com/cubny/httpqueue/internal/mocks/external/redis/client_mock.go:1490.25,1492.3 1 0
github.com/cubny/httpqueue/internal/mocks/external/redis/client_mock.go:1499.100,1503.2 3 0
github.com/cubny/httpqueue/internal/mocks/external/redis/client_mock.go:1506.100,1509.25 3 0
github.com/cubny/httpqueue/internal/mocks/external/redis/client_mock.go:1512.2,1514.13 3 0
github.com/cubny/httpqueue/internal/mocks/external/redis/client_mock.go:1509.25,1511.3 1 0
github.com/cubny/httpqueue/internal/mocks/external/redis/client_mock.go:1518.100,1522.2 3 0
github.com/cubny/httpqueue/internal/mocks/external/redis/client_mock.go:1525.112,1530.2 4 0
github.com/cubny/httpqueue/internal/mocks/external/redis/client_mock.go:1533.96,1536.2 2 0
github.com/cubny/httpqueue/internal/mocks/external/redis/client_mock.go:1539.117,1544.2 4 0
github.com/cubny/httpqueue/internal/mocks/external/redis/client_mock.go:1547.97,1550.2 2 0
github.com/cubny/httpqueue/internal/mocks/external/redis/client_mock.go:1553.98,1556.25 3 0
github.com/cubny/httpqueue/internal/mocks/external/redis/client_mock.go:1559.2,1561.13 3 0
github.com/cubny/httpqueue/internal/mocks/external/redis/client_mock.go:1556.25,1558.3 1 0
github.com/cubny/httpqueue/internal/mocks/external/redis/client_mock.go:1565.99,1569.2 3 0
github.com/cubny/httpqueue/internal/mocks/external/redis/client_mock.go:1572.104,1577.2 4 0
github.com/cubny/httpqueue/internal/mocks/external/redis/client_mock.go:1580.92,1583.2 2 0
github.com/cubny/httpqueue/internal/mocks/external/redis/client_mock.go:1586.86,1591.2 4 0
github.com/cubny/httpqueue/internal/mocks/external/redis/client_mock.go:1594.79,1597.2 2 0
github.com/cubny/httpqueue/internal/mocks/external/redis/client_mock.go:1600.77,1605.2 4 0
github.com/cubny/httpqueue/internal/mocks/external/redis/client_mock.go:1608.78,1611.2 2 0
github.com/cubny/httpqueue/internal/mocks/external/redis/client_mock.go:1614.91,1619.2 4 0
github.com/cubny/httpqueue/internal/mocks/external/redis/client_mock.go:1622.86,1625.2 2 0
github.com/cubny/httpqueue/internal/mocks/external/redis/client_mock.go:1628.100,1633.2 4 0
github.com/cubny/httpqueue/internal/mocks/external/redis/client_mock.go:1636.91,1639.2 2 0
github.com/cubny/httpqueue/internal/mocks/external/redis/client_mock.go:1642.83,1645.25 3 0
github.com/cubny/httpqueue/internal/mocks/external/redis/client_mock.go:1648.2,1650.13 3 0
github.com/cubny/httpqueue/internal/mocks/external/redis/client_mock.go:1645.25,1647.3 1 0
github.com/cubny/httpqueue/internal/mocks/external/redis/client_mock.go:1654.93,1658.2 3 0
github.com/cubny/httpqueue/internal/mocks/external/redis/client_mock.go:1661.85,1666.2 4 0
github.com/cubny/httpqueue/internal/mocks/external/redis/client_mock.go:1669.78,1672.2 2 0
github.com/cubny/httpqueue/internal/mocks/external/redis/client_mock.go:1675.94,1680.2 4 0
github.com/cubny/httpqueue/internal/mocks/external/redis/client_mock.go:1683.86,1686.2 2 0
github.com/cubny/httpqueue/internal/mocks/external/redis/client_mock.go:1689.110,1694.2 4 0
github.com/cubny/httpqueue/internal/mocks/external/redis/client_mock.go:1697.99,1700.2 2 0
github.com/cubny/httpqueue/internal/mocks/external/redis/client_mock.go:1703.109,1708.2 4 0
github.com/cubny/httpqueue/internal/mocks/external/redis/client_mock.go:1711.98,1714.2 2 0
github.com/cubny/httpqueue/internal/mocks/external/redis/client_mock.go:1717.110,1722.2 4 0
github.com/cubny/httpqueue/internal/mocks/external/redis/client_mock.go:1725.99,1728.2 2 0
github.com/cubny/httpqueue/internal/mocks/external/redis/client_mock.go:1731.77,1736.2 4 0
github.com/cubny/httpqueue/internal/mocks/external/redis/client_mock.go:1739.78,1742.2 2 0
github.com/cubny/httpqueue/internal/mocks/external/redis/client_mock.go:1745.99,1750.2 4 0
github.com/cubny/httpqueue/internal/mocks/external/redis/client_mock.go:1753.97,1756.2 2 0
github.com/cubny/httpqueue/internal/mocks/external/redis/client_mock.go:1759.80,1764.2 4 0
github.com/cubny/httpqueue/internal/mocks/external/redis/client_mock.go:1767.78,1770.2 2 0
github.com/cubny/httpqueue/internal/mocks/external/redis/client_mock.go:1773.100,1778.2 4 0
github.com/cubny/httpqueue/internal/mocks/external/redis/client_mock.go:1781.89,1784.2 2 0
github.com/cubny/httpqueue/internal/mocks/external/redis/client_mock.go:1787.104,1792.2 4 0
github.com/cubny/httpqueue/internal/mocks/external/redis/client_mock.go:1795.90,1798.2 2 0
github.com/cubny/httpqueue/internal/mocks/external/redis/client_mock.go:1801.126,1806.2 4 0
github.com/cubny/httpqueue/internal/mocks/external/redis/client_mock.go:1809.101,1812.2 2 0
github.com/cubny/httpqueue/internal/mocks/external/redis/client_mock.go:1815.99,1818.25 3 0
github.com/cubny/httpqueue/internal/mocks/external/redis/client_mock.go:1821.2,1823.13 3 0
github.com/cubny/httpqueue/internal/mocks/external/redis/client_mock.go:1818.25,1820.3 1 0
github.com/cubny/httpqueue/internal/mocks/external/redis/client_mock.go:1827.100,1831.2 3 0
github.com/cubny/httpqueue/internal/mocks/external/redis/client_mock.go:1834.100,1837.25 3 0
github.com/cubny/httpqueue/internal/mocks/external/redis/client_mock.go:1840.2,1842.13 3 0
github.com/cubny/httpqueue/internal/mocks/external/redis/client_mock.go:1837.25,1839.3 1 0
github.com/cubny/httpqueue/internal/mocks/external/redis/client_mock.go:1846.101,1850.2 3 0
github.com/cubny/httpqueue/internal/mocks/external/redis/client_mock.go:1853.105,1858.2 4 0
github.com/cubny/httpqueue/internal/mocks/external/redis/client_mock.go:1861.92,1864.2 2 0
github.com/cubny/httpqueue/internal/mocks/external/redis/client_mock.go:1867.107,1872.2 4 0
github.com/cubny/httpqueue/internal/mocks/external/redis/client_mock.go:1875.90,1878.2 2 0
github.com/cubny/httpqueue/internal/mocks/external/redis/client_mock.go:1881.110,1886.2 4 0
github.com/cubny/httpqueue/internal/mocks/external/redis/client_mock.go:1889.90,1892.2 2 0
github.com/cubny/httpqueue/internal/mocks/external/redis/client_mock.go:1895.99,1900.2 4 0
github.com/cubny/httpqueue/internal/mocks/external/redis/client_mock.go:1903.91,1906.2 2 0
github.com/cubny/httpqueue/internal/mocks/external/redis/client_mock.go:1909.68,1914.2 4 0
github.com/cubny/httpqueue/internal/mocks/external/redis/client_mock.go:1917.76,1920.2 2 0
github.com/cubny/httpqueue/internal/mocks/external/redis/client_mock.go:1923.82,1926.25 3 0
github.com/cubny/httpqueue/internal/mocks/external/redis/client_mock.go:1929.2,1931.13 3 0
github.com/cubny/httpqueue/internal/mocks/external/redis/client_mock.go:1926.25,1928.3 1 0
github.com/cubny/httpqueue/internal/mocks/external/redis/client_mock.go:1935.93,1939.2 3 0
github.com/cubny/httpqueue/internal/mocks/external/redis/client_mock.go:1942.88,1945.25 3 0
github.com/cubny/httpqueue/internal/mocks/external/redis/client_mock.go:1948.2,1950.13 3 0
github.com/cubny/httpqueue/internal/mocks/external/redis/client_mock.go:1945.25,1947.3 1 0
github.com/cubny/httpqueue/internal/mocks/external/redis/client_mock.go:1954.93,1958.2 3 0
github.com/cubny/httpqueue/internal/mocks/external/redis/client_mock.go:1961.88,1964.25 3 0
github.com/cubny/httpqueue/internal/mocks/external/redis/client_mock.go:1967.2,1969.13 3 0
github.com/cubny/httpqueue/internal/mocks/external/redis/client_mock.go:1964.25,1966.3 1 0
github.com/cubny/httpqueue/internal/mocks/external/redis/client_mock.go:1973.95,1977.2 3 0
github.com/cubny/httpqueue/internal/mocks/external/redis/client_mock.go:1980.97,1983.25 3 0
github.com/cubny/httpqueue/internal/mocks/external/redis/client_mock.go:1986.2,1988.13 3 0
github.com/cubny/httpqueue/internal/mocks/external/redis/client_mock.go:1983.25,1985.3 1 0
github.com/cubny/httpqueue/internal/mocks/external/redis/client_mock.go:1992.106,1996.2 3 0
github.com/cubny/httpqueue/internal/mocks/external/redis/client_mock.go:1999.125,2004.2 4 0
github.com/cubny/httpqueue/internal/mocks/external/redis/client_mock.go:2007.105,2010.2 2 0
github.com/cubny/httpqueue/internal/mocks/external/redis/client_mock.go:2013.88,2018.2 4 0
github.com/cubny/httpqueue/internal/mocks/external/redis/client_mock.go:2021.84,2024.2 2 0
github.com/cubny/httpqueue/internal/mocks/external/redis/client_mock.go:2027.90,2032.2 4 0
github.com/cubny/httpqueue/internal/mocks/external/redis/client_mock.go:2035.88,2038.2 2 0
github.com/cubny/httpqueue/internal/mocks/external/redis/client_mock.go:2041.92,2046.2 4 0
github.com/cubny/httpqueue/internal/mocks/external/redis/client_mock.go:2049.88,2052.2 2 0
github.com/cubny/httpqueue/internal/mocks/external/redis/client_mock.go:2055.87,2060.2 4 0
github.com/cubny/httpqueue/internal/mocks/external/redis/client_mock.go:2063.88,2066.2 2 0
github.com/cubny/httpqueue/internal/mocks/external/redis/client_mock.go:2069.101,2074.2 4 0
github.com/cubny/httpqueue/internal/mocks/external/redis/client_mock.go:2077.87,2080.2 2 0
github.com/cubny/httpqueue/internal/mocks/external/redis/client_mock.go:2083.99,2088.2 4 0
github.com/cubny/httpqueue/internal/mocks/external/redis/client_mock.go:2091.89,2094.2 2 0
github.com/cubny/httpqueue/internal/mocks/external/redis/client_mock.go:2097.99,2100.25 3 0
github.com/cubny/httpqueue/internal/mocks/external/redis/client_mock.go:2103.2,2105.13 3 0
github.com/cubny/httpqueue/internal/mocks/external/redis/client_mock.go:2100.25,2102.3 1 0
github.com/cubny/httpqueue/internal/mocks/external/redis/client_mock.go:2109.100,2113.2 3 0
github.com/cubny/httpqueue/internal/mocks/external/redis/client_mock.go:2116.83,2119.25 3 0
github.com/cubny/httpqueue/internal/mocks/external/redis/client_mock.go:2122.2,2124.13 3 0
github.com/cubny/httpqueue/internal/mocks/external/redis/client_mock.go:2119.25,2121.3 1 0
github.com/cubny/httpqueue/internal/mocks/external/redis/client_mock.go:2128.96,2132.2 3 0
github.com/cubny/httpqueue/internal/mocks/external/redis/client_mock.go:2135.99,2138.25 3 0
github.com/cubny/httpqueue/internal/mocks/external/redis/client_mock.go:2141.2,2143.13 3 0
github.com/cubny/httpqueue/internal/mocks/external/redis/client_mock.go:2138.25,2140.3 1 0
github.com/cubny/httpqueue/internal/mocks/external/redis/client_mock.go:2147.102,2151.2 3 0
github.com/cubny/httpqueue/internal/mocks/external/redis/client_mock.go:2154.86,2157.25 3 0
github.com/cubny/httpqueue/internal/mocks/external/redis/client_mock.go:2160.2,2162.13 3 0
github.com/cubny/httpqueue/internal/mocks/external/redis/client_mock.go:2157.25,2159.3 1 0
github.com/cubny/httpqueue/internal/mocks/external/redis/client_mock.go:2166.99,2170.2 3 0
github.com/cubny/httpqueue/internal/mocks/external/redis/client_mock.go:2173.82,2178.2 4 0
github.com/cubny/httpqueue/internal/mocks/external/redis/client_mock.go:2181.78,2184.2 2 0
github.com/cubny/httpqueue/internal/mocks/external/redis/client_mock.go:2187.81,2192.2 4 0
github.com/cubny/httpqueue/internal/mocks/external/redis/client_mock.go:2195.81,2198.2 2 0
github.com/cubny/httpqueue/internal/mocks/external/redis/client_mock.go:2201.67,2206.2 4 0
github.com/cubny/httpqueue/internal/mocks/external/redis/client_mock.go:2209.72,2212.2 2 0
github.com/cubny/httpqueue/internal/mocks/external/redis/client_mock.go:2215.50,2220.2 4 0
github.com/cubny/httpqueue/internal/mocks/external/redis/client_mock.go:2223.60,2226.2 2 0
github.com/cubny/httpqueue/internal/mocks/external/redis/client_mock.go:2229.112,2235.2 5 0
github.com/cubny/httpqueue/internal/mocks/external/redis/client_mock.go:2238.83,2241.2 2 0
github.com/cubny/httpqueue/internal/mocks/external/redis/client_mock.go:2244.52,2249.2 4 0
github.com/cubny/httpqueue/internal/mocks/external/redis/client_mock.go:2252.61,2255.2 2 0
github.com/cubny/httpqueue/internal/mocks/external/redis/client_mock.go:2258.77,2263.2 4 0
github.com/cubny/httpqueue/internal/mocks/external/redis/client_mock.go:2266.81,2269.2 2 0
github.com/cubny/httpqueue/internal/mocks/external/redis/client_mock.go:2272.95,2277.2 4 0
github.com/cubny/httpqueue/internal/mocks/external/redis/client_mock.go:2280.88,2283.2 2 0
github.com/cubny/httpqueue/internal/mocks/external/redis/client_mock.go:2286.72,2291.2 4 0
github.com/cubny/httpqueue/internal/mocks/external/redis/client_mock.go:2294.80,2297.2 2 0
github.com/cubny/httpqueue/internal/mocks/external/redis/client_mock.go:2300.97,2303.25 3 0
github.com/cubny/httpqueue/internal/mocks/external/redis/client_mock.go:2306.2,2308.13 3 0
github.com/cubny/httpqueue/internal/mocks/external/redis/client_mock.go:2303.25,2305.3 1 0
github.com/cubny/httpqueue/internal/mocks/external/redis/client_mock.go:2312.101,2316.2 3 0
github.com/cubny/httpqueue/internal/mocks/external/redis/client_mock.go:2319.98,2324.2 4 0
github.com/cubny/httpqueue/internal/mocks/external/redis/client_mock.go:2327.87,2330.2 2 0
github.com/cubny/httpqueue/internal/mocks/external/redis/client_mock.go:2333.67,2338.2 4 0
github.com/cubny/httpqueue/internal/mocks/external/redis/client_mock.go:2341.72,2344.2 2 0
github.com/cubny/httpqueue/internal/mocks/external/redis/client_mock.go:2347.80,2352.2 4 0
github.com/cubny/httpqueue/internal/mocks/external/redis/client_mock.go:2355.78,2358.2 2 0
github.com/cubny/httpqueue/internal/mocks/external/redis/client_mock.go:2361.100,2366.2 4 0
github.com/cubny/httpqueue/internal/mocks/external/redis/client_mock.go:2369.89,2372.2 2 0
github.com/cubny/httpqueue/internal/mocks/external/redis/client_mock.go:2375.91,2380.2 4 0
github.com/cubny/httpqueue/internal/mocks/external/redis/client_mock.go:2383.89,2386.2 2 0
github.com/cubny/httpqueue/internal/mocks/external/redis/client_mock.go:2389.99,2392.25 3 0
github.com/cubny/httpqueue/internal/mocks/external/redis/client_mock.go:2395.2,2397.13 3 0
github.com/cubny/httpqueue/internal/mocks/external/redis/client_mock.go:2392.25,2394.3 1 0
github.com/cubny/httpqueue/internal/mocks/external/redis/client_mock.go:2401.100,2405.2 3 0
github.com/cubny/httpqueue/internal/mocks/external/redis/client_mock.go:2408.100,2411.25 3 0
github.com/cubny/httpqueue/internal/mocks/external/redis/client_mock.go:2414.2,2416.13 3 0
github.com/cubny/httpqueue/internal/mocks/external/redis/client_mock.go:2411.25,2413.3 1 0
github.com/cubny/httpqueue/internal/mocks/external/redis/client_mock.go:2420.101,2424.2 3 0
github.com/cubny/httpqueue/internal/mocks/external/redis/client_mock.go:2427.72,2432.2 4 0
github.com/cubny/httpqueue/internal/mocks/external/redis/client_mock.go:2435.77,2438.2 2 0
github.com/cubny/httpqueue/internal/mocks/external/redis/client_mock.go:2441.71,2446.2 4 0
github.com/cubny/httpqueue/internal/mocks/external/redis/client_mock.go:2449.76,2452.2 2 0
github.com/cubny/httpqueue/internal/mocks/external/redis/client_mock.go:2455.72,2460.2 4 0
github.com/cubny/httpqueue/internal/mocks/external/redis/client_mock.go:2463.77,2466.2 2 0
github.com/cubny/httpqueue/internal/mocks/external/redis/client_mock.go:2469.88,2474.2 4 0
github.com/cubny/httpqueue/internal/mocks/external/redis/client_mock.go:2477.86,2480.2 2 0
github.com/cubny/httpqueue/internal/mocks/external/redis/client_mock.go:2483.88,2488.2 4 0
github.com/cubny/httpqueue/internal/mocks/external/redis/client_mock.go:2491.88,2494.2 2 0
github.com/cubny/httpqueue/internal/mocks/external/redis/client_mock.go:2497.116,2502.2 4 0
github.com/cubny/httpqueue/internal/mocks/external/redis/client_mock.go:2505.93,2508.2 2 0
github.com/cubny/httpqueue/internal/mocks/external/redis/client_mock.go:2511.123,2516.2 4 0
github.com/cubny/httpqueue/internal/mocks/external/redis/client_mock.go:2519.100,2522.2 2 0
github.com/cubny/httpqueue/internal/mocks/external/redis/client_mock.go:2525.98,2528.25 3 0
github.com/cubny/httpqueue/internal/mocks/external/redis/client_mock.go:2531.2,2533.13 3 0
github.com/cubny/httpqueue/internal/mocks/external/redis/client_mock.go:2528.25,2530.3 1 0
github.com/cubny/httpqueue/internal/mocks/external/redis/client_mock.go:2537.99,2541.2 3 0
github.com/cubny/httpqueue/internal/mocks/external/redis/client_mock.go:2544.78,2549.2 4 0
github.com/cubny/httpqueue/internal/mocks/external/redis/client_mock.go:2552.79,2555.2 2 0
github.com/cubny/httpqueue/internal/mocks/external/redis/client_mock.go:2558.89,2561.25 3 0
github.com/cubny/httpqueue/internal/mocks/external/redis/client_mock.go:2564.2,2566.13 3 0
github.com/cubny/httpqueue/internal/mocks/external/redis/client_mock.go:2561.25,2563.3 1 0
github.com/cubny/httpqueue/internal/mocks/external/redis/client_mock.go:2570.94,2574.2 3 0
github.com/cubny/httpqueue/internal/mocks/external/redis/client_mock.go:2577.99,2580.25 3 0
github.com/cubny/httpqueue/internal/mocks/external/redis/client_mock.go:2583.2,2585.13 3 0
github.com/cubny/httpqueue/internal/mocks/external/redis/client_mock.go:2580.25,2582.3 1 0
github.com/cubny/httpqueue/internal/mocks/external/redis/client_mock.go:2589.105,2593.2 3 0
github.com/cubny/httpqueue/internal/mocks/external/redis/client_mock.go:2596.90,2599.25 3 0
github.com/cubny/httpqueue/internal/mocks/external/redis/client_mock.go:2602.2,2604.13 3 0
github.com/cubny/httpqueue/internal/mocks/external/redis/client_mock.go:2599.25,2601.3 1 0
github.com/cubny/httpqueue/internal/mocks/external/redis/client_mock.go:2608.95,2612.2 3 0
github.com/cubny/httpqueue/internal/mocks/external/redis/client_mock.go:2615.100,2618.25 3 0
github.com/cubny/httpqueue/internal/mocks/external/redis/client_mock.go:2621.2,2623.13 3 0
github.com/cubny/httpqueue/internal/mocks/external/redis/client_mock.go:2618.25,2620.3 1 0
github.com/cubny/httpqueue/internal/mocks/external/redis/client_mock.go:2627.106,2631.2 3 0
github.com/cubny/httpqueue/internal/mocks/external/redis/client_mock.go:2634.101,2639.2 4 0
github.com/cubny/httpqueue/internal/mocks/external/redis/client_mock.go:2642.89,2645.2 2 0
github.com/cubny/httpqueue/internal/mocks/external/redis/client_mock.go:2648.110,2651.25 3 0
github.com/cubny/httpqueue/internal/mocks/external/redis/client_mock.go:2654.2,2656.13 3 0
github.com/cubny/httpqueue/internal/mocks/external/redis/client_mock.go:2651.25,2653.3 1 0
github.com/cubny/httpqueue/internal/mocks/external/redis/client_mock.go:2660.105,2664.2 3 0
github.com/cubny/httpqueue/internal/mocks/external/redis/client_mock.go:2667.89,2672.2 4 0
github.com/cubny/httpqueue/internal/mocks/external/redis/client_mock.go:2675.82,2678.2 2 0
github.com/cubny/httpqueue/internal/mocks/external/redis/client_mock.go:2681.96,2686.2 4 0
github.com/cubny/httpqueue/internal/mocks/external/redis/client_mock.go:2689.85,2692.2 2 0
github.com/cubny/httpqueue/internal/mocks/external/redis/client_mock.go:2695.103,2700.2 4 0
github.com/cubny/httpqueue/internal/mocks/external/redis/client_mock.go:2703.91,2706.2 2 0
github.com/cubny/httpqueue/internal/mocks/external/redis/client_mock.go:2709.80,2714.2 4 0
github.com/cubny/httpqueue/internal/mocks/external/redis/client_mock.go:2717.78,2720.2 2 0
github.com/cubny/httpqueue/internal/mocks/external/redis/client_mock.go:2723.98,2728.2 4 0
github.com/cubny/httpqueue/internal/mocks/external/redis/client_mock.go:2731.85,2734.2 2 0
github.com/cubny/httpqueue/internal/mocks/external/redis/client_mock.go:2737.87,2742.2 4 0
github.com/cubny/httpqueue/internal/mocks/external/redis/client_mock.go:2745.85,2748.2 2 0
github.com/cubny/httpqueue/internal/mocks/external/redis/client_mock.go:2751.105,2756.2 4 0
github.com/cubny/httpqueue/internal/mocks/external/redis/client_mock.go:2759.92,2762.2 2 0
github.com/cubny/httpqueue/internal/mocks/external/redis/client_mock.go:2765.98,2768.25 3 0
github.com/cubny/httpqueue/internal/mocks/external/redis/client_mock.go:2771.2,2773.13 3 0
github.com/cubny/httpqueue/internal/mocks/external/redis/client_mock.go:2768.25,2770.3 1 0
github.com/cubny/httpqueue/internal/mocks/external/redis/client_mock.go:2777.99,2781.2 3 0
github.com/cubny/httpqueue/internal/mocks/external/redis/client_mock.go:2784.117,2789.2 4 0
github.com/cubny/httpqueue/internal/mocks/external/redis/client_mock.go:2792.97,2795.2 2 0
github.com/cubny/httpqueue/internal/mocks/external/redis/client_mock.go:2798.90,2801.25 3 0
github.com/cubny/httpqueue/internal/mocks/external/redis/client_mock.go:2804.2,2806.13 3 0
github.com/cubny/httpqueue/internal/mocks/external/redis/client_mock.go:2801.25,2803.3 1 0
github.com/cubny/httpqueue/internal/mocks/external/redis/client_mock.go:2810.95,2814.2 3 0
github.com/cubny/httpqueue/internal/mocks/external/redis/client_mock.go:2817.100,2820.25 3 0
github.com/cubny/httpqueue/internal/mocks/external/redis/client_mock.go:2823.2,2825.13 3 0
github.com/cubny/httpqueue/internal/mocks/external/redis/client_mock.go:2820.25,2822.3 1 0
github.com/cubny/httpqueue/internal/mocks/external/redis/client_mock.go:2829.106,2833.2 3 0
github.com/cubny/httpqueue/internal/mocks/external/redis/client_mock.go:2836.67,2841.2 4 0
github.com/cubny/httpqueue/internal/mocks/external/redis/client_mock.go:2844.72,2847.2 2 0
github.com/cubny/httpqueue/internal/mocks/external/redis/client_mock.go:2850.103,2855.2 4 0
github.com/cubny/httpqueue/internal/mocks/external/redis/client_mock.go:2858.90,2861.2 2 0
github.com/cubny/httpqueue/internal/mocks/external/redis/client_mock.go:2864.120,2869.2 4 0
github.com/cubny/httpqueue/internal/mocks/external/redis/client_mock.go:2872.100,2875.2 2 0
github.com/cubny/httpqueue/internal/mocks/external/redis/client_mock.go:2878.94,2881.25 3 0
github.com/cubny/httpqueue/internal/mocks/external/redis/client_mock.go:2884.2,2886.13 3 0
github.com/cubny/httpqueue/internal/mocks/external/redis/client_mock.go:2881.25,2883.3 1 0
github.com/cubny/httpqueue/internal/mocks/external/redis/client_mock.go:2890.101,2894.2 3 0
github.com/cubny/httpqueue/internal/mocks/external/redis/client_mock.go:2897.74,2902.2 4 0
github.com/cubny/httpqueue/internal/mocks/external/redis/client_mock.go:2905.79,2908.2 2 0
github.com/cubny/httpqueue/internal/mocks/external/redis/client_mock.go:2911.73,2916.2 4 0
github.com/cubny/httpqueue/internal/mocks/external/redis/client_mock.go:2919.78,2922.2 2 0
github.com/cubny/httpqueue/internal/mocks/external/redis/client_mock.go:2925.86,2930.2 4 0
github.com/cubny/httpqueue/internal/mocks/external/redis/client_mock.go:2933.84,2936.2 2 0
github.com/cubny/httpqueue/internal/mocks/external/redis/client_mock.go:2939.117,2944.2 4 0
github.com/cubny/httpqueue/internal/mocks/external/redis/client_mock.go:2947.89,2950.2 2 0
github.com/cubny/httpqueue/internal/mocks/external/redis/client_mock.go:2953.121,2958.2 4 0
github.com/cubny/httpqueue/internal/mocks/external/redis/client_mock.go:2961.93,2964.2 2 0
github.com/cubny/httpqueue/internal/mocks/external/redis/client_mock.go:2967.101,2972.2 4 0
github.com/cubny/httpqueue/internal/mocks/external/redis/client_mock.go:2975.92,2978.2 2 0
github.com/cubny/httpqueue/internal/mocks/external/redis/client_mock.go:2981.119,2986.2 4 0
github.com/cubny/httpqueue/internal/mocks/external/redis/client_mock.go:2989.91,2992.2 2 0
github.com/cubny/httpqueue/internal/mocks/external/redis/client_mock.go:2995.117,3000.2 4 0
github.com/cubny/httpqueue/internal/mocks/external/redis/client_mock.go:3003.91,3006.2 2 0
github.com/cubny/httpqueue/internal/mocks/external/redis/client_mock.go:3009.106,3014.2 4 0
github.com/cubny/httpqueue/internal/mocks/external/redis/client_mock.go:3017.94,3020.2 2 0
github.com/cubny/httpqueue/internal/mocks/external/redis/client_mock.go:3023.117,3028.2 4 0
github.com/cubny/httpqueue/internal/mocks/external/redis/client_mock.go:3031.91,3034.2 2 0
github.com/cubny/httpqueue/internal/mocks/external/redis/client_mock.go:3037.71,3042.2 4 0
github.com/cubny/httpqueue/internal/mocks/external/redis/client_mock.go:3045.76,3048.2 2 0
github.com/cubny/httpqueue/internal/mocks/external/redis/client_mock.go:3051.77,3056.2 4 0
github.com/cubny/httpqueue/internal/mocks/external/redis/client_mock.go:3059.82,3062.2 2 0
github.com/cubny/httpqueue/internal/mocks/external/redis/client_mock.go:3065.75,3070.2 4 0
github.com/cubny/httpqueue/internal/mocks/external/redis/client_mock.go:3073.80,3076.2 2 0
github.com/cubny/httpqueue/internal/mocks/external/redis/client_mock.go:3079.89,3084.2 4 0
github.com/cubny/httpqueue/internal/mocks/external/redis/client_mock.go:3087.87,3090.2 2 0
github.com/cubny/httpqueue/internal/mocks/external/redis/client_mock.go:3093.103,3098.2 4 0
github.com/cubny/httpqueue/internal/mocks/external/redis/client_mock.go:3101.84,3104.2 2 0
github.com/cubny/httpqueue/internal/mocks/external/redis/client_mock.go:3107.107,3112.2 4 0
github.com/cubny/httpqueue/internal/mocks/external/redis/client_mock.go:3115.94,3118.2 2 0
github.com/cubny/httpqueue/internal/mocks/external/redis/client_mock.go:3121.106,3126.2 4 0
github.com/cubny/httpqueue/internal/mocks/external/redis/client_mock.go:3129.95,3132.2 2 0
github.com/cubny/httpqueue/internal/mocks/external/redis/client_mock.go:3135.79,3140.2 4 0
github.com/cubny/httpqueue/internal/mocks/external/redis/client_mock.go:3143.80,3146.2 2 0
github.com/cubny/httpqueue/internal/mocks/external/redis/client_mock.go:3149.85,3152.25 3 0
github.com/cubny/httpqueue/internal/mocks/external/redis/client_mock.go:3155.2,3157.13 3 0
github.com/cubny/httpqueue/internal/mocks/external/redis/client_mock.go:3152.25,3154.3 1 0
github.com/cubny/httpqueue/internal/mocks/external/redis/client_mock.go:3161.98,3165.2 3 0
github.com/cubny/httpqueue/internal/mocks/external/redis/client_mock.go:3168.81,3173.2 4 0
github.com/cubny/httpqueue/internal/mocks/external/redis/client_mock.go:3176.77,3179.2 2 0
github.com/cubny/httpqueue/internal/mocks/external/redis/client_mock.go:3182.65,3187.2 4 0
github.com/cubny/httpqueue/internal/mocks/external/redis/client_mock.go:3190.72,3193.2 2 0
github.com/cubny/httpqueue/internal/mocks/external/redis/client_mock.go:3196.81,3199.25 3 0
github.com/cubny/httpqueue/internal/mocks/external/redis/client_mock.go:3202.2,3204.13 3 0
github.com/cubny/httpqueue/internal/mocks/external/redis/client_mock.go:3199.25,3201.3 1 0
github.com/cubny/httpqueue/internal/mocks/external/redis/client_mock.go:3208.94,3212.2 3 0
github.com/cubny/httpqueue/internal/mocks/external/redis/client_mock.go:3215.52,3220.2 4 0
github.com/cubny/httpqueue/internal/mocks/external/redis/client_mock.go:3223.62,3226.2 2 0
github.com/cubny/httpqueue/internal/mocks/external/redis/client_mock.go:3229.114,3235.2 5 0
github.com/cubny/httpqueue/internal/mocks/external/redis/client_mock.go:3238.85,3241.2 2 0
github.com/cubny/httpqueue/internal/mocks/external/redis/client_mock.go:3244.80,3249.2 4 0
github.com/cubny/httpqueue/internal/mocks/external/redis/client_mock.go:3252.78,3255.2 2 0
github.com/cubny/httpqueue/internal/mocks/external/redis/client_mock.go:3258.82,3261.25 3 0
github.com/cubny/httpqueue/internal/mocks/external/redis/client_mock.go:3264.2,3266.13 3 0
github.com/cubny/httpqueue/internal/mocks/external/redis/client_mock.go:3261.25,3263.3 1 0
github.com/cubny/httpqueue/internal/mocks/external/redis/client_mock.go:3270.95,3274.2 3 0
github.com/cubny/httpqueue/internal/mocks/external/redis/client_mock.go:3277.101,3280.25 3 0
github.com/cubny/httpqueue/internal/mocks/external/redis/client_mock.go:3283.2,3285.13 3 0
github.com/cubny/httpqueue/internal/mocks/external/redis/client_mock.go:3280.25,3282.3 1 0
github.com/cubny/httpqueue/internal/mocks/external/redis/client_mock.go:3289.100,3293.2 3 0
github.com/cubny/httpqueue/internal/mocks/external/redis/client_mock.go:3296.99,3299.25 3 0
github.com/cubny/httpqueue/internal/mocks/external/redis/client_mock.go:3302.2,3304.13 3 0
github.com/cubny/httpqueue/internal/mocks/external/redis/client_mock.go:3299.25,3301.3 1 0
github.com/cubny/httpqueue/internal/mocks/external/redis/client_mock.go:3308.105,3312.2 3 0
github.com/cubny/httpqueue/internal/mocks/external/redis/client_mock.go:3315.89,3320.2 4 0
github.com/cubny/httpqueue/internal/mocks/external/redis/client_mock.go:3323.78,3326.2 2 0
github.com/cubny/httpqueue/internal/mocks/external/redis/client_mock.go:3329.105,3334.2 4 0
github.com/cubny/httpqueue/internal/mocks/external/redis/client_mock.go:3337.84,3340.2 2 0
github.com/cubny/httpqueue/internal/mocks/external/redis/client_mock.go:3343.117,3348.2 4 0
github.com/cubny/httpqueue/internal/mocks/external/redis/client_mock.go:3351.90,3354.2 2 0
github.com/cubny/httpqueue/internal/mocks/external/redis/client_mock.go:3357.100,3362.2 4 0
github.com/cubny/httpqueue/internal/mocks/external/redis/client_mock.go:3365.80,3368.2 2 0
github.com/cubny/httpqueue/internal/mocks/external/redis/client_mock.go:3371.104,3376.2 4 0
github.com/cubny/httpqueue/internal/mocks/external/redis/client_mock.go:3379.86,3382.2 2 0
github.com/cubny/httpqueue/internal/mocks/external/redis/client_mock.go:3385.93,3388.25 3 0
github.com/cubny/httpqueue/internal/mocks/external/redis/client_mock.go:3391.2,3393.13 3 0
github.com/cubny/httpqueue/internal/mocks/external/redis/client_mock.go:3388.25,3390.3 1 0
github.com/cubny/httpqueue/internal/mocks/external/redis/client_mock.go:3397.99,3401.2 3 0
github.com/cubny/httpqueue/internal/mocks/external/redis/client_mock.go:3404.100,3409.2 4 0
github.com/cubny/httpqueue/internal/mocks/external/redis/client_mock.go:3412.98,3415.2 2 0
github.com/cubny/httpqueue/internal/mocks/external/redis/client_mock.go:3418.105,3423.2 4 0
github.com/cubny/httpqueue/internal/mocks/external/redis/client_mock.go:3426.106,3429.2 2 0
github.com/cubny/httpqueue/internal/mocks/external/redis/client_mock.go:3432.108,3437.2 4 0
github.com/cubny/httpqueue/internal/mocks/external/redis/client_mock.go:3440.106,3443.2 2 0
github.com/cubny/httpqueue/internal/mocks/external/redis/client_mock.go:3446.102,3451.2 4 0
github.com/cubny/httpqueue/internal/mocks/external/redis/client_mock.go:3454.103,3457.2 2 0
github.com/cubny/httpqueue/internal/mocks/external/redis/client_mock.go:3460.92,3465.2 4 0
github.com/cubny/httpqueue/internal/mocks/external/redis/client_mock.go:3468.93,3471.2 2 0
github.com/cubny/httpqueue/internal/mocks/external/redis/client_mock.go:3474.99,3479.2 4 0
github.com/cubny/httpqueue/internal/mocks/external/redis/client_mock.go:3482.97,3485.2 2 0
github.com/cubny/httpqueue/internal/mocks/external/redis/client_mock.go:3488.104,3493.2 4 0
github.com/cubny/httpqueue/internal/mocks/external/redis/client_mock.go:3496.94,3499.2 2 0
github.com/cubny/httpqueue/internal/mocks/external/redis/client_mock.go:3502.92,3507.2 4 0
github.com/cubny/httpqueue/internal/mocks/external/redis/client_mock.go:3510.85,3513.2 2 0
github.com/cubny/httpqueue/internal/mocks/external/redis/client_mock.go:3516.92,3521.2 4 0
github.com/cubny/httpqueue/internal/mocks/external/redis/client_mock.go:3524.85,3527.2 2 0
github.com/cubny/httpqueue/internal/mocks/external/redis/client_mock.go:3530.110,3535.2 4 0
github.com/cubny/httpqueue/internal/mocks/external/redis/client_mock.go:3538.95,3541.2 2 0
github.com/cubny/httpqueue/internal/mocks/external/redis/client_mock.go:3544.77,3549.2 4 0
github.com/cubny/httpqueue/internal/mocks/external/redis/client_mock.go:3552.78,3555.2 2 0
github.com/cubny/httpqueue/internal/mocks/external/redis/client_mock.go:3558.92,3563.2 4 0
github.com/cubny/httpqueue/internal/mocks/external/redis/client_mock.go:3566.88,3569.2 2 0
github.com/cubny/httpqueue/internal/mocks/external/redis/client_mock.go:3572.108,3577.2 4 0
github.com/cubny/httpqueue/internal/mocks/external/redis/client_mock.go:3580.85,3583.2 2 0
github.com/cubny/httpqueue/internal/mocks/external/redis/client_mock.go:3586.101,3591.2 4 0
github.com/cubny/httpqueue/internal/mocks/external/redis/client_mock.go:3594.92,3597.2 2 0
github.com/cubny/httpqueue/internal/mocks/external/redis/client_mock.go:3600.114,3605.2 4 0
github.com/cubny/httpqueue/internal/mocks/external/redis/client_mock.go:3608.99,3611.2 2 0
github.com/cubny/httpqueue/internal/mocks/external/redis/client_mock.go:3614.97,3619.2 4 0
github.com/cubny/httpqueue/internal/mocks/external/redis/client_mock.go:3622.79,3625.2 2 0
github.com/cubny/httpqueue/internal/mocks/external/redis/client_mock.go:3628.107,3633.2 4 0
github.com/cubny/httpqueue/internal/mocks/external/redis/client_mock.go:3636.84,3639.2 2 0
github.com/cubny/httpqueue/internal/mocks/external/redis/client_mock.go:3642.97,3645.25 3 0
github.com/cubny/httpqueue/internal/mocks/external/redis/client_mock.go:3648.2,3650.13 3 0
github.com/cubny/httpqueue/internal/mocks/external/redis/client_mock.go:3645.25,3647.3 1 0
github.com/cubny/httpqueue/internal/mocks/external/redis/client_mock.go:3654.101,3658.2 3 0
github.com/cubny/httpqueue/internal/mocks/external/redis/client_mock.go:3661.104,3666.2 4 0
github.com/cubny/httpqueue/internal/mocks/external/redis/client_mock.go:3669.95,3672.2 2 0
github.com/cubny/httpqueue/internal/mocks/external/redis/client_mock.go:3675.117,3680.2 4 0
github.com/cubny/httpqueue/internal/mocks/external/redis/client_mock.go:3683.102,3686.2 2 0
github.com/cubny/httpqueue/internal/mocks/external/redis/client_mock.go:3689.90,3694.2 4 0
github.com/cubny/httpqueue/internal/mocks/external/redis/client_mock.go:3697.85,3700.2 2 0
github.com/cubny/httpqueue/internal/mocks/external/redis/client_mock.go:3703.96,3708.2 4 0
github.com/cubny/httpqueue/internal/mocks/external/redis/client_mock.go:3711.91,3714.2 2 0
github.com/cubny/httpqueue/internal/mocks/external/redis/client_mock.go:3717.96,3722.2 4 0
github.com/cubny/httpqueue/internal/mocks/external/redis/client_mock.go:3725.91,3728.2 2 0
github.com/cubny/httpqueue/internal/mocks/external/redis/client_mock.go:3731.108,3736.2 4 0
github.com/cubny/httpqueue/internal/mocks/external/redis/client_mock.go:3739.103,3742.2 2 0
github.com/cubny/httpqueue/internal/mocks/external/redis/client_mock.go:3745.89,3750.2 4 0
github.com/cubny/httpqueue/internal/mocks/external/redis/client_mock.go:3753.90,3756.2 2 0
github.com/cubny/httpqueue/internal/mocks/external/redis/client_mock.go:3759.107,3764.2 4 0
github.com/cubny/httpqueue/internal/mocks/external/redis/client_mock.go:3767.102,3770.2 2 0
github.com/cubny/httpqueue/internal/mocks/external/redis/client_mock.go:3773.95,3776.25 3 0
github.com/cubny/httpqueue/internal/mocks/external/redis/client_mock.go:3779.2,3781.13 3 0
github.com/cubny/httpqueue/internal/mocks/external/redis/client_mock.go:3776.25,3778.3 1 0
github.com/cubny/httpqueue/internal/mocks/external/redis/client_mock.go:3785.99,3789.2 3 0
github.com/cubny/httpqueue/internal/mocks/external/redis/client_mock.go:3792.102,3797.2 4 0
github.com/cubny/httpqueue/internal/mocks/external/redis/client_mock.go:3800.88,3803.2 2 0
github.com/cubny/httpqueue/internal/mocks/external/redis/client_mock.go:3806.108,3811.2 4 0
github.com/cubny/httpqueue/internal/mocks/external/redis/client_mock.go:3814.92,3817.2 2 0
github.com/cubny/httpqueue/internal/mocks/external/redis/client_mock.go:3820.97,3823.25 3 0
github.com/cubny/httpqueue/internal/mocks/external/redis/client_mock.go:3826.2,3828.13 3 0
github.com/cubny/httpqueue/internal/mocks/external/redis/client_mock.go:3823.25,3825.3 1 0
github.com/cubny/httpqueue/internal/mocks/external/redis/client_mock.go:3832.101,3836.2 3 0
github.com/cubny/httpqueue/internal/mocks/external/redis/client_mock.go:3839.97,3842.25 3 0
github.com/cubny/httpqueue/internal/mocks/external/redis/client_mock.go:3845.2,3847.13 3 0
github.com/cubny/httpqueue/internal/mocks/external/redis/client_mock.go:3842.25,3844.3 1 0
github.com/cubny/httpqueue/internal/mocks/external/redis/client_mock.go:3851.101,3855.2 3 0
github.com/cubny/httpqueue/internal/mocks/external/redis/client_mock.go:3858.99,3861.25 3 0
github.com/cubny/httpqueue/internal/mocks/external/redis/client_mock.go:3864.2,3866.13 3 0
github.com/cubny/httpqueue/internal/mocks/external/redis/client_mock.go:3861.25,3863.3 1 0
github.com/cubny/httpqueue/internal/mocks/external/redis/client_mock.go:3870.103,3874.2 3 0
github.com/cubny/httpqueue/internal/mocks/external/redis/client_mock.go:3877.97,3880.25 3 0
github.com/cubny/httpqueue/internal/mocks/external/redis/client_mock.go:3883.2,3885.13 3 0
github.com/cubny/httpqueue/internal/mocks/external/redis/client_mock.go:3880.25,3882.3 1 0
github.com/cubny/httpqueue/internal/mocks/external/redis/client_mock.go:3889.101,3893.2 3 0
github.com/cubny/httpqueue/internal/mocks/external/redis/client_mock.go:3896.99,3899.25 3 0
github.com/cubny/httpqueue/internal/mocks/external/redis/client_mock.go:3902.2,3904.13 3 0
github.com/cubny/httpqueue/internal/mocks/external/redis/client_mock.go:3899.25,3901.3 1 0
github.com/cubny/httpqueue/internal/mocks/external/redis/client_mock.go:3908.103,3912.2 3 0
github.com/cubny/httpqueue/internal/mocks/external/redis/client_mock.go:3915.78,3920.2 4 0
github.com/cubny/httpqueue/internal/mocks/external/redis/client_mock.go:3923.79,3926.2 2 0
github.com/cubny/httpqueue/internal/mocks/external/redis/client_mock.go:3929.91,3934.2 4 0
github.com/cubny/httpqueue/internal/mocks/external/redis/client_mock.go:3937.92,3940.2 2 0
github.com/cubny/httpqueue/internal/mocks/external/redis/client_mock.go:3943.89,3946.25 3 0
github.com/cubny/httpqueue/internal/mocks/external/redis/client_mock.go:3949.2,3951.13 3 0
github.com/cubny/httpqueue/internal/mocks/external/redis/client_mock.go:3946.25,3948.3 1 0
github.com/cubny/httpqueue/internal/mocks/external/redis/client_mock.go:3955.94,3959.2 3 0
github.com/cubny/httpqueue/internal/mocks/external/redis/client_mock.go:3962.99,3965.25 3 0
github.com/cubny/httpqueue/internal/mocks/external/redis/client_mock.go:3968.2,3970.13 3 0
github.com/cubny/httpqueue/internal/mocks/external/redis/client_mock.go:3965.25,3967.3 1 0
github.com/cubny/httpqueue/internal/mocks/external/redis/client_mock.go:3974.105,3978.2 3 0
github.com/cubny/httpqueue/internal/mocks/external/redis/client_mock.go:3981.94,3984.25 3 0
github.com/cubny/httpqueue/internal/mocks/external/redis/client_mock.go:3987.2,3989.13 3 0
github.com/cubny/httpqueue/internal/mocks/external/redis/client_mock.go:3984.25,3986.3 1 0
github.com/cubny/httpqueue/internal/mocks/external/redis/client_mock.go:3993.104,3997.2 3 0
github.com/cubny/httpqueue/internal/mocks/external/redis/client_mock.go:4000.95,4005.2 4 0
github.com/cubny/httpqueue/internal/mocks/external/redis/client_mock.go:4008.85,4011.2 2 0
github.com/cubny/httpqueue/internal/mocks/external/redis/client_mock.go:4014.109,4019.2 4 0
github.com/cubny/httpqueue/internal/mocks/external/redis/client_mock.go:4022.93,4025.2 2 0
github.com/cubny/httpqueue/internal/mocks/external/redis/client_mock.go:4028.97,4033.2 4 0
github.com/cubny/httpqueue/internal/mocks/external/redis/client_mock.go:4036.87,4039.2 2 0
github.com/cubny/httpqueue/internal/mocks/external/redis/client_mock.go:4042.97,4047.2 4 0
github.com/cubny/httpqueue/internal/mocks/external/redis/client_mock.go:4050.87,4053.2 2 0
github.com/cubny/httpqueue/internal/mocks/external/redis/client_mock.go:4056.94,4061.2 4 0
github.com/cubny/httpqueue/internal/mocks/external/redis/client_mock.go:4064.80,4067.2 2 0
github.com/cubny/httpqueue/internal/mocks/external/redis/client_mock.go:4070.104,4075.2 4 0
github.com/cubny/httpqueue/internal/mocks/external/redis/client_mock.go:4078.91,4081.2 2 0
github.com/cubny/httpqueue/internal/mocks/external/redis/client_mock.go:4084.99,4089.2 4 0
github.com/cubny/httpqueue/internal/mocks/external/redis/client_mock.go:4092.90,4095.2 2 0
github.com/cubny/httpqueue/internal/mocks/external/redis/client_mock.go:4098.94,4103.2 4 0
github.com/cubny/httpqueue/internal/mocks/external/redis/client_mock.go:4106.95,4109.2 2 0
github.com/cubny/httpqueue/internal/mocks/external/redis/client_mock.go:4112.103,4115.25 3 0
github.com/cubny/httpqueue/internal/mocks/external/redis/client_mock.go:4118.2,4120.13 3 0
github.com/cubny/httpqueue/internal/mocks/external/redis/client_mock.go:4115.25,4117.3 1 0
github.com/cubny/httpqueue/internal/mocks/external/redis/client_mock.go:4124.102,4128.2 3 0
github.com/cubny/httpqueue/internal/mocks/external/redis/client_mock.go:4131.98,4134.25 3 0
github.com/cubny/httpqueue/internal/mocks/external/redis/client_mock.go:4137.2,4139.13 3 0
github.com/cubny/httpqueue/internal/mocks/external/redis/client_mock.go:4134.25,4136.3 1 0
github.com/cubny/httpqueue/internal/mocks/external/redis/client_mock.go:4143.102,4147.2 3 0
github.com/cubny/httpqueue/internal/mocks/external/redis/client_mock.go:4150.98,4153.25 3 0
github.com/cubny/httpqueue/internal/mocks/external/redis/client_mock.go:4156.2,4158.13 3 0
github.com/cubny/httpqueue/internal/mocks/external/redis/client_mock.go:4153.25,4155.3 1 0
github.com/cubny/httpqueue/internal/mocks/external/redis/client_mock.go:4162.102,4166.2 3 0
github.com/cubny/httpqueue/internal/mocks/external/redis/client_mock.go:4169.113,4174.2 4 0
github.com/cubny/httpqueue/internal/mocks/external/redis/client_mock.go:4177.97,4180.2 2 0
github.com/cubny/httpqueue/internal/mocks/external/redis/client_mock.go:4183.105,4188.2 4 0
github.com/cubny/httpqueue/internal/mocks/external/redis/client_mock.go:4191.92,4194.2 2 0
github.com/cubny/httpqueue/internal/mocks/external/redis/client_mock.go:4197.101,4202.2 4 0
github.com/cubny/httpqueue/internal/mocks/external/redis/client_mock.go:4205.84,4208.2 2 0
github.com/cubny/httpqueue/internal/mocks/external/redis/client_mock.go:4211.106,4216.2 4 0
github.com/cubny/httpqueue/internal/mocks/external/redis/client_mock.go:4219.94,4222.2 2 0
github.com/cubny/httpqueue/internal/mocks/external/redis/client_mock.go:4225.114,4230.2 4 0
github.com/cubny/httpqueue/internal/mocks/external/redis/client_mock.go:4233.91,4236.2 2 0
github.com/cubny/httpqueue/internal/mocks/external/redis/client_mock.go:4239.116,4244.2 4 0
github.com/cubny/httpqueue/internal/mocks/external/redis/client_mock.go:4247.93,4250.2 2 0
github.com/cubny/httpqueue/internal/mocks/external/redis/client_mock.go:4253.121,4258.2 4 0
github.com/cubny/httpqueue/internal/mocks/external/redis/client_mock.go:4261.103,4264.2 2 0
github.com/cubny/httpqueue/internal/mocks/external/redis/client_mock.go:4267.107,4272.2 4 0
github.com/cubny/httpqueue/internal/mocks/external/redis/client_mock.go:4275.91,4278.2 2 0
github.com/cubny/httpqueue/internal/mocks/external/redis/client_mock.go:4281.110,4286.2 4 0
github.com/cubny/httpqueue/internal/mocks/external/redis/client_mock.go:4289.102,4292.2 2 0
github.com/cubny/httpqueue/internal/mocks/external/redis/client_mock.go:4295.84,4300.2 4 0
github.com/cubny/httpqueue/internal/mocks/external/redis/client_mock.go:4303.85,4306.2 2 0
github.com/cubny/httpqueue/internal/mocks/external/redis/client_mock.go:4309.98,4312.25 3 0
github.com/cubny/httpqueue/internal/mocks/external/redis/client_mock.go:4315.2,4317.13 3 0
github.com/cubny/httpqueue/internal/mocks/external/redis/client_mock.go:4312.25,4314.3 1 0
github.com/cubny/httpqueue/internal/mocks/external/redis/client_mock.go:4321.99,4325.2 3 0
github.com/cubny/httpqueue/internal/mocks/external/redis/client_mock.go:4328.99,4333.2 4 0
github.com/cubny/httpqueue/internal/mocks/external/redis/client_mock.go:4336.100,4339.2 2 0
github.com/cubny/httpqueue/internal/mocks/external/redis/client_mock.go:4342.106,4347.2 4 0
github.com/cubny/httpqueue/internal/mocks/external/redis/client_mock.go:4350.101,4353.2 2 0
github.com/cubny/httpqueue/internal/mocks/external/redis/client_mock.go:4356.101,4361.2 4 0
github.com/cubny/httpqueue/internal/mocks/external/redis/client_mock.go:4364.102,4367.2 2 0
github.com/cubny/httpqueue/internal/mocks/external/redis/client_mock.go:4370.108,4375.2 4 0
github.com/cubny/httpqueue/internal/mocks/external/redis/client_mock.go:4378.95,4381.2 2 0
github.com/cubny/httpqueue/internal/mocks/external/redis/client_mock.go:4384.117,4389.2 4 0
github.com/cubny/httpqueue/internal/mocks/external/redis/client_mock.go:4392.94,4395.2 2 0
github.com/cubny/httpqueue/internal/mocks/external/redis/client_mock.go:4398.119,4403.2 4 0
github.com/cubny/httpqueue/internal/mocks/external/redis/client_mock.go:4406.96,4409.2 2 0
github.com/cubny/httpqueue/internal/mocks/external/redis/client_mock.go:4412.124,4417.2 4 0
github.com/cubny/httpqueue/internal/mocks/external/redis/client_mock.go:4420.106,4423.2 2 0
github.com/cubny/httpqueue/internal/mocks/external/redis/client_mock.go:4426.113,4431.2 4 0
github.com/cubny/httpqueue/internal/mocks/external/redis/client_mock.go:4434.105,4437.2 2 0
github.com/cubny/httpqueue/internal/mocks/external/redis/client_mock.go:4440.87,4445.2 4 0
github.com/cubny/httpqueue/internal/mocks/external/redis/client_mock.go:4448.88,4451.2 2 0
github.com/cubny/httpqueue/internal/mocks/external/redis/client_mock.go:4454.117,4459.2 4 0
github.com/cubny/httpqueue/internal/mocks/external/redis/client_mock.go:4462.97,4465.2 2 0
github.com/cubny/httpqueue/internal/mocks/external/redis/client_mock.go:4468.87,4473.2 4 0
github.com/cubny/httpqueue/internal/mocks/external/redis/client_mock.go:4476.86,4479.2 2 0
github.com/cubny/httpqueue/internal/mocks/external/redis/client_mock.go:4482.93,4487.2 4 0
github.com/cubny/httpqueue/internal/mocks/external/redis/client_mock.go:4490.80,4493.2 2 0
github.com/cubny/httpqueue/internal/mocks/external/redis/client_mock.go:4496.104,4501.2 4 0
github.com/cubny/httpqueue/internal/mocks/external/redis/client_mock.go:4504.91,4507.2 2 0
github.com/cubny/httpqueue/internal/mocks/external/redis/client_mock.go:4510.98,4515.2 4 0
github.com/cubny/httpqueue/internal/mocks/external/redis/client_mock.go:4518.90,4521.2 2 0
github.com/cubny/httpqueue/internal/app/timer/domain.go:19.63,21.2 1 3
github.com/cubny/httpqueue/internal/app/timer/domain.go:23.85,27.16 3 8
github.com/cubny/httpqueue/internal/app/timer/domain.go:31.2,38.25 5 6
github.com/cubny/httpqueue/internal/app/timer/domain.go:42.2,46.8 1 5
github.com/cubny/httpqueue/internal/app/timer/domain.go:27.16,29.3 1 2
github.com/cubny/httpqueue/internal/app/timer/domain.go:38.25,40.3 1 1
github.com/cubny/httpqueue/internal/app/timer/domain.go:49.47,51.2 1 2
github.com/cubny/httpqueue/internal/app/timer/domain.go:53.34,54.14 1 4
github.com/cubny/httpqueue/internal/app/timer/domain.go:58.2,58.16 1 4
github.com/cubny/httpqueue/internal/app/timer/domain.go:62.2,62.26 1 3
github.com/cubny/httpqueue/internal/app/timer/domain.go:66.2,66.23 1 2
github.com/cubny/httpqueue/internal/app/timer/domain.go:70.2,70.12 1 1
github.com/cubny/httpqueue/internal/app/timer/domain.go:54.14,56.3 1 0
github.com/cubny/httpqueue/internal/app/timer/domain.go:58.16,60.3 1 1
github.com/cubny/httpqueue/internal/app/timer/domain.go:62.26,64.3 1 1
github.com/cubny/httpqueue/internal/app/timer/domain.go:66.23,68.3 1 1
github.com/cubny/httpqueue/internal/infra/asynq/timer/producer.go:22.65,27.2 1 0
github.com/cubny/httpqueue/internal/infra/asynq/timer/producer.go:29.72,30.41 1 0
github.com/cubny/httpqueue/internal/infra/asynq/timer/producer.go:34.2,35.16 2 0
github.com/cubny/httpqueue/internal/infra/asynq/timer/producer.go:39.2,40.12 2 0
github.com/cubny/httpqueue/internal/infra/asynq/timer/producer.go:30.41,32.3 1 0
github.com/cubny/httpqueue/internal/infra/asynq/timer/producer.go:35.16,37.3 1 0
github.com/cubny/httpqueue/internal/infra/http/api/router.go:23.13,25.2 1 1
github.com/cubny/httpqueue/internal/infra/http/api/router.go:34.50,35.20 1 0
github.com/cubny/httpqueue/internal/infra/http/api/router.go:39.2,51.15 8 0
github.com/cubny/httpqueue/internal/infra/http/api/router.go:35.20,37.3 1 0
github.com/cubny/httpqueue/internal/infra/http/api/router.go:54.86,57.16 3 0
github.com/cubny/httpqueue/internal/infra/http/api/router.go:57.16,59.3 1 0
github.com/cubny/httpqueue/internal/mocks/app/timer/outbox_mock.go:27.49,31.2 3 0
github.com/cubny/httpqueue/internal/mocks/app/timer/outbox_mock.go:34.47,36.2 1 0
github.com/cubny/httpqueue/internal/mocks/app/timer/outbox_mock.go:39.88,45.2 5 0
github.com/cubny/httpqueue/internal/mocks/app/timer/outbox_mock.go:48.82,51.2 2 0
github.com/cubny/httpqueue/internal/mocks/app/timer/service_mock.go:27.51,31.2 3 0
github.com/cubny/httpqueue/internal/mocks/app/timer/service_mock.go:34.49,36.2 1 0
github.com/cubny/httpqueue/internal/mocks/app/timer/service_mock.go:39.73,44.2 4 0
github.com/cubny/httpqueue/internal/mocks/app/timer/service_mock.go:47.82,50.2 2 0
github.com/cubny/httpqueue/internal/mocks/app/timer/service_mock.go:53.103,59.2 5 0
github.com/cubny/httpqueue/internal/mocks/app/timer/service_mock.go:62.81,65.2 2 0
github.com/cubny/httpqueue/internal/mocks/app/timer/service_mock.go:68.85,74.2 5 0
github.com/cubny/httpqueue/internal/mocks/app/timer/service_mock.go:77.78,80.2 2 0
github.com/cubny/httpqueue/internal/infra/asynq/timer/consumer.go:13.84,14.19 1 0
github.com/cubny/httpqueue/internal/infra/asynq/timer/consumer.go:18.2,18.22 1 0
github.com/cubny/httpqueue/internal/infra/asynq/timer/consumer.go:22.2,25.8 1 0
github.com/cubny/httpqueue/internal/infra/asynq/timer/consumer.go:14.19,16.3 1 0
github.com/cubny/httpqueue/internal/infra/asynq/timer/consumer.go:18.22,20.3 1 0
github.com/cubny/httpqueue/internal/infra/asynq/timer/consumer.go:28.32,32.2 3 0
github.com/cubny/httpqueue/internal/infra/http/api/model.go:23.45,24.54 1 0
github.com/cubny/httpqueue/internal/infra/http/api/model.go:28.2,28.12 1 0
github.com/cubny/httpqueue/internal/infra/http/api/model.go:24.54,26.3 1 0
github.com/cubny/httpqueue/internal/infra/http/api/model.go:31.97,33.66 2 0
github.com/cubny/httpqueue/internal/infra/http/api/model.go:38.2,38.43 1 0
github.com/cubny/httpqueue/internal/infra/http/api/model.go:43.2,48.8 1 0
github.com/cubny/httpqueue/internal/infra/http/api/model.go:33.66,36.3 2 0
github.com/cubny/httpqueue/internal/infra/http/api/model.go:38.43,41.3 2 0
github.com/cubny/httpqueue/internal/infra/http/api/model.go:51.58,53.2 1 0
github.com/cubny/httpqueue/internal/infra/http/api/model.go:60.64,64.2 1 0
github.com/cubny/httpqueue/internal/infra/http/api/model.go:66.59,73.2 2 0
github.com/cubny/httpqueue/cmd/main.go:10.13,18.16 6 0
github.com/cubny/httpqueue/cmd/main.go:22.2,25.34 3 0
github.com/cubny/httpqueue/cmd/main.go:18.16,20.3 1 0
github.com/cubny/httpqueue/cmd/main.go:25.34,27.3 1 0
github.com/cubny/httpqueue/internal/mocks/app/timer/producer_mock.go:27.53,31.2 3 0
github.com/cubny/httpqueue/internal/mocks/app/timer/producer_mock.go:34.51,36.2 1 0
github.com/cubny/httpqueue/internal/mocks/app/timer/producer_mock.go:39.72,44.2 4 0
github.com/cubny/httpqueue/internal/mocks/app/timer/producer_mock.go:47.75,50.2 2 0
github.com/cubny/httpqueue/internal/infra/http/client/timer/client.go:39.26,42.2 2 0
github.com/cubny/httpqueue/internal/infra/http/client/timer/client.go:46.71,48.16 2 0
github.com/cubny/httpqueue/internal/infra/http/client/timer/client.go:52.2,58.9 3 0
github.com/cubny/httpqueue/internal/infra/http/client/timer/client.go:67.2,67.12 1 0
github.com/cubny/httpqueue/internal/infra/http/client/timer/client.go:48.16,50.3 1 0
github.com/cubny/httpqueue/internal/infra/http/client/timer/client.go:59.46,60.89 1 0
github.com/cubny/httpqueue/internal/infra/http/client/timer/client.go:61.46,62.89 1 0
github.com/cubny/httpqueue/internal/infra/http/client/timer/client.go:63.47,64.13 1 0
github.com/cubny/httpqueue/internal/infra/http/client/timer/client.go:72.78,73.16 1 0
github.com/cubny/httpqueue/internal/infra/http/client/timer/client.go:101.2,101.51 1 0
github.com/cubny/httpqueue/internal/infra/http/client/timer/client.go:109.2,109.102 1 0
github.com/cubny/httpqueue/internal/infra/http/client/timer/client.go:113.2,113.19 1 0
github.com/cubny/httpqueue/internal/infra/http/client/timer/client.go:73.16,74.36 1 0
github.com/cubny/httpqueue/internal/infra/http/client/timer/client.go:95.3,95.19 1 0
github.com/cubny/httpqueue/internal/infra/http/client/timer/client.go:74.36,76.47 1 0
github.com/cubny/httpqueue/internal/infra/http/client/timer/client.go:81.4,81.44 1 0
github.com/cubny/httpqueue/internal/infra/http/client/timer/client.go:86.4,86.48 1 0
github.com/cubny/httpqueue/internal/infra/http/client/timer/client.go:89.4,89.55 1 0
github.com/cubny/httpqueue/internal/infra/http/client/timer/client.go:76.47,78.5 1 0
github.com/cubny/httpqueue/internal/infra/http/client/timer/client.go:81.44,83.5 1 0
github.com/cubny/httpqueue/internal/infra/http/client/timer/client.go:86.48,88.5 1 0
github.com/cubny/httpqueue/internal/infra/http/client/timer/client.go:89.55,91.5 1 0
github.com/cubny/httpqueue/internal/infra/http/client/timer/client.go:101.51,103.3 1 0
github.com/cubny/httpqueue/internal/infra/http/client/timer/client.go:109.102,111.3 1 0
github.com/cubny/httpqueue/internal/infra/asynq/timer/metrics.go:21.13,23.2 1 1
github.com/cubny/httpqueue/internal/infra/asynq/timer/metrics.go:33.39,35.2 1 0
github.com/cubny/httpqueue/internal/infra/asynq/timer/metrics.go:37.49,38.13 1 0
github.com/cubny/httpqueue/internal/infra/asynq/timer/metrics.go:39.31,40.25 1 0
github.com/cubny/httpqueue/internal/infra/asynq/timer/metrics.go:41.36,42.34 1 0
github.com/cubny/httpqueue/internal/infra/asynq/timer/metrics.go:43.10,44.28 1 0
github.com/cubny/httpqueue/internal/infra/asynq/timer/metrics.go:48.42,51.2 2 0
github.com/cubny/httpqueue/internal/infra/asynq/timer/metrics.go:61.40,63.2 1 0
github.com/cubny/httpqueue/internal/infra/asynq/timer/metrics.go:65.51,66.9 1 0
github.com/cubny/httpqueue/internal/infra/asynq/timer/metrics.go:67.46,68.36 1 0
github.com/cubny/httpqueue/internal/infra/asynq/timer/metrics.go:69.47,70.37 1 0
github.com/cubny/httpqueue/internal/infra/asynq/timer/metrics.go:71.10,72.29 1 0
github.com/cubny/httpqueue/internal/infra/asynq/timer/metrics.go:76.43,79.2 2 0
github.com/cubny/httpqueue/internal/infra/asynq/timer/processor.go:25.91,26.20 1 0
github.com/cubny/httpqueue/internal/infra/asynq/timer/processor.go:30.2,30.23 1 0
github.com/cubny/httpqueue/internal/infra/asynq/timer/processor.go:34.2,37.8 1 0
github.com/cubny/httpqueue/internal/infra/asynq/timer/processor.go:26.20,28.3 1 0
github.com/cubny/httpqueue/internal/infra/asynq/timer/processor.go:30.23,32.3 1 0
github.com/cubny/httpqueue/internal/infra/asynq/timer/processor.go:41.78,43.65 2 0
github.com/cubny/httpqueue/internal/infra/asynq/timer/processor.go:48.2,49.9 2 0
github.com/cubny/httpqueue/internal/infra/asynq/timer/processor.go:59.2,61.9 3 0
github.com/cubny/httpqueue/internal/infra/asynq/timer/processor.go:43.65,46.3 1 0
github.com/cubny/httpqueue/internal/infra/asynq/timer/processor.go:50.37,51.74 1 0
github.com/cubny/httpqueue/internal/infra/asynq/timer/processor.go:52.37,53.13 1 0
github.com/cubny/httpqueue/internal/infra/asynq/timer/processor.go:54.18,56.68 1 0
github.com/cubny/httpqueue/internal/infra/asynq/timer/processor.go:62.69,63.73 1 0
github.com/cubny/httpqueue/internal/infra/asynq/timer/processor.go:64.18,66.94 1 0
github.com/cubny/httpqueue/internal/infra/asynq/timer/processor.go:67.10,68.54 1 0
[...]
github.com/cubny/httpqueue/internal/infra/redis/redis.go:15.42,17.2 1 0
github.com/cubny/httpqueue/internal/infra/redis/redis.go:20.47,22.2 1 0
github.com/cubny/httpqueue/internal/infra/redis/redis.go:24.59,28.22 3 0
github.com/cubny/httpqueue/internal/infra/redis/redis.go:32.2,32.24 1 0
github.com/cubny/httpqueue/internal/infra/redis/redis.go:53.2,53.15 1 0
github.com/cubny/httpqueue/internal/infra/redis/redis.go:28.22,30.3 1 0
github.com/cubny/httpqueue/internal/infra/redis/redis.go:32.24,42.3 1 0
github.com/cubny/httpqueue/internal/infra/redis/redis.go:42.8,52.3 1 0
github.com/cubny/httpqueue/internal/infra/http/api/model.go:23.45,24.54 1 0
github.com/cubny/httpqueue/internal/infra/http/api/model.go:28.2,28.12 1 0
github.com/cubny/httpqueue/internal/infra/http/api/model.go:24.54,26.3 1 0
github.com/cubny/httpqueue/internal/infra/http/api/model.go:31.97,33.66 2 0
github.com/cubny/httpqueue/internal/infra/http/api/model.go:38.2,38.43 1 0
github.com/cubny/httpqueue/internal/infra/http/api/model.go:43.2,48.8 1 0
github.com/cubny/httpqueue/internal/infra/http/api/model.go:33.66,36.3 2 0
github.com/cubny/httpqueue/internal/infra/http/api/model.go:38.43,41.3 2 0
github.com/cubny/httpqueue/internal/infra/http/api/model.go:51.58,53.2 1 0
github.com/cubny/httpqueue/internal/infra/http/api/model.go:60.64,64.2 1 0
github.com/cubny/httpqueue/internal/infra/http/api/model.go:66.59,73.2 2 0
github.com/cubny/httpqueue/internal/infra/asynq/timer/processor.go:25.91,26.20 1 9
github.com/cubny/httpqueue/internal/infra/asynq/timer/processor.go:30.2,30.23 1 8
github.com/cubny/httpqueue/internal/infra/asynq/timer/processor.go:34.2,37.8 1 7
github.com/cubny/httpqueue/internal/infra/asynq/timer/processor.go:26.20,28.3 1 1
github.com/cubny/httpqueue/internal/infra/asynq/timer/processor.go:30.23,32.3 1 1
github.com/cubny/httpqueue/internal/infra/asynq/timer/processor.go:41.78,43.65 2 6
github.com/cubny/httpqueue/internal/infra/asynq/timer/processor.go:48.2,49.9 2 6
github.com/cubny/httpqueue/internal/infra/asynq/timer/processor.go:59.2,61.9 3 3
github.com/cubny/httpqueue/internal/infra/asynq/timer/processor.go:43.65,46.3 1 0
github.com/cubny/httpqueue/internal/infra/asynq/timer/processor.go:50.37,51.74 1 1
github.com/cubny/httpqueue/internal/infra/asynq/timer/processor.go:52.37,53.13 1 1
github.com/cubny/httpqueue/internal/infra/asynq/timer/processor.go:54.18,56.68 1 1
github.com/cubny/httpqueue/internal/infra/asynq/timer/processor.go:62.69,63.73 1 1
github.com/cubny/httpqueue/internal/infra/asynq/timer/processor.go:64.18,66.94 1 1
github.com/cubny/httpqueue/internal/infra/asynq/timer/processor.go:67.10,68.54 1 1
github.com/cubny/httpqueue/internal/infra/asynq/timer/consumer.go:13.84,14.19 1 3
github.com/cubny/httpqueue/internal/infra/asynq/timer/consumer.go:18.2,18.22 1 2
github.com/cubny/httpqueue/internal/infra/asynq/timer/consumer.go:22.2,25.8 1 1
github.com/cubny/httpqueue/internal/infra/asynq/timer/consumer.go:14.19,16.3 1 1
github.com/cubny/httpqueue/internal/infra/asynq/timer/consumer.go:18.22,20.3 1 1
github.com/cubny/httpqueue/internal/infra/asynq/timer/consumer.go:28.32,32.2 3 0
github.com/cubny/httpqueue/internal/app/timer/service.go:18.47,20.2 1 0
github.com/cubny/httpqueue/internal/app/timer/service.go:23.92,25.16 2 0
github.com/cubny/httpqueue/internal/app/timer/service.go:29.2,29.51 1 0
github.com/cubny/httpqueue/internal/app/timer/service.go:33.2,33.19 1 0
github.com/cubny/httpqueue/internal/app/timer/service.go:25.16,27.3 1 0
github.com/cubny/httpqueue/internal/app/timer/service.go:29.51,31.3 1 0
github.com/cubny/httpqueue/internal/app/timer/service.go:37.84,39.9 2 0
github.com/cubny/httpqueue/internal/app/timer/service.go:47.2,48.9 2 0
github.com/cubny/httpqueue/internal/app/timer/service.go:40.18,41.18 1 0
github.com/cubny/httpqueue/internal/app/timer/service.go:42.20,43.20 1 0
github.com/cubny/httpqueue/internal/app/timer/service.go:49.18,50.18 1 0
github.com/cubny/httpqueue/internal/app/timer/service.go:51.17,52.31 1 0
github.com/cubny/httpqueue/internal/app/timer/service.go:53.10,54.31 1 0
github.com/cubny/httpqueue/internal/app/timer/service.go:58.78,60.2 1 0
github.com/cubny/httpqueue/internal/infra/http/client/timer/client.go:39.26,42.2 2 0
github.com/cubny/httpqueue/internal/infra/http/client/timer/client.go:46.71,48.16 2 0
github.com/cubny/httpqueue/internal/infra/http/client/timer/client.go:52.2,58.9 3 0
github.com/cubny/httpqueue/internal/infra/http/client/timer/client.go:67.2,67.12 1 0
github.com/cubny/httpqueue/internal/infra/http/client/timer/client.go:48.16,50.3 1 0
github.com/cubny/httpqueue/internal/infra/http/client/timer/client.go:59.46,60.89 1 0
github.com/cubny/httpqueue/internal/infra/http/client/timer/client.go:61.46,62.89 1 0
github.com/cubny/httpqueue/internal/infra/http/client/timer/client.go:63.47,64.13 1 0
github.com/cubny/httpqueue/internal/infra/http/client/timer/client.go:72.78,73.16 1 0
github.com/cubny/httpqueue/internal/infra/http/client/timer/client.go:101.2,101.51 1 0
github.com/cubny/httpqueue/internal/infra/http/client/timer/client.go:109.2,109.102 1 0
github.com/cubny/httpqueue/internal/infra/http/client/timer/client.go:113.2,113.19 1 0
github.com/cubny/httpqueue/internal/infra/http/client/timer/client.go:73.16,74.36 1 0
github.com/cubny/httpqueue/internal/infra/http/client/timer/client.go:95.3,95.19 1 0
github.com/cubny/httpqueue/internal/infra/http/client/timer/client.go:74.36,76.47 1 0
github.com/cubny/httpqueue/internal/infra/http/client/timer/client.go:81.4,81.44 1 0
github.com/cubny/httpqueue/internal/infra/http/client/timer/client.go:86.4,86.48 1 0
github.com/cubny/httpqueue/internal/infra/http/client/timer/client.go:89.4,89.55 1 0
github.com/cubny/httpqueue/internal/infra/http/client/timer/client.go:76.47,78.5 1 0
github.com/cubny/httpqueue/internal/infra/http/client/timer/client.go:81.44,83.5 1 0
github.com/cubny/httpqueue/internal/infra/http/client/timer/client.go:86.48,88.5 1 0
github.com/cubny/httpqueue/internal/infra/http/client/timer/client.go:89.55,91.5 1 0
github.com/cubny/httpqueue/internal/infra/http/client/timer/client.go:101.51,103.3 1 0
github.com/cubny/httpqueue/internal/infra/http/client/timer/client.go:109.102,111.3 1 0
github.com/cubny/httpqueue/cmd/main.go:10.13,18.16 6 0
github.com/cubny/httpqueue/cmd/main.go:22.2,25.34 3 0
github.com/cubny/httpqueue/cmd/main.go:18.16,20.3 1 0
github.com/cubny/httpqueue/cmd/main.go:25.34,27.3 1 0
github.com/cubny/httpqueue/internal/infra/http/api/router.go:23.13,25.2 1 1
github.com/cubny/httpqueue/internal/infra/http/api/router.go:34.50,35.20 1 0
github.com/cubny/httpqueue/internal/infra/http/api/router.go:39.2,51.15 8 0
github.com/cubny/httpqueue/internal/infra/http/api/router.go:35.20,37.3 1 0
github.com/cubny/httpqueue/internal/infra/http/api/router.go:54.86,57.16 3 0
github.com/cubny/httpqueue/internal/infra/http/api/router.go:57.16,59.3 1 0
github.com/cubny/httpqueue/internal/infra/http/api/timer.go:14.88,16.16 2 0
github.com/cubny/httpqueue/internal/infra/http/api/timer.go:21.2,22.16 2 0
github.com/cubny/httpqueue/internal/infra/http/api/timer.go:29.2,30.73 2 0
github.com/cubny/httpqueue/internal/infra/http/api/timer.go:16.16,19.3 1 0
github.com/cubny/httpqueue/internal/infra/http/api/timer.go:22.16,27.3 4 0
github.com/cubny/httpqueue/internal/infra/http/api/timer.go:30.73,35.3 4 0
github.com/cubny/httpqueue/internal/infra/http/api/timer.go:40.88,42.19 2 0
github.com/cubny/httpqueue/internal/infra/http/api/timer.go:47.2,50.9 3 0
github.com/cubny/httpqueue/internal/infra/http/api/timer.go:65.2,66.56 2 0
github.com/cubny/httpqueue/internal/infra/http/api/timer.go:42.19,45.3 2 0
github.com/cubny/httpqueue/internal/infra/http/api/timer.go:51.37,53.9 2 0
github.com/cubny/httpqueue/internal/infra/http/api/timer.go:54.37,55.43 1 0
github.com/cubny/httpqueue/internal/infra/http/api/timer.go:56.18,60.9 4 0
github.com/cubny/httpqueue/internal/infra/http/api/timer.go:61.10,62.32 1 0
github.com/cubny/httpqueue/internal/infra/http/api/timer.go:66.56,71.3 4 0
github.com/cubny/httpqueue/internal/infra/asynq/timer/metrics.go:21.13,23.2 1 1
github.com/cubny/httpqueue/internal/infra/asynq/timer/metrics.go:33.39,35.2 1 1
github.com/cubny/httpqueue/internal/infra/asynq/timer/metrics.go:37.49,38.13 1 1
github.com/cubny/httpqueue/internal/infra/asynq/timer/metrics.go:39.31,40.25 1 0
github.com/cubny/httpqueue/internal/infra/asynq/timer/metrics.go:41.36,42.34 1 0
github.com/cubny/httpqueue/internal/infra/asynq/timer/metrics.go:43.10,44.28 1 1
github.com/cubny/httpqueue/internal/infra/asynq/timer/metrics.go:48.42,51.2 2 1
github.com/cubny/httpqueue/internal/infra/asynq/timer/metrics.go:61.40,63.2 1 3
github.com/cubny/httpqueue/internal/infra/asynq/timer/metrics.go:65.51,66.9 1 3
github.com/cubny/httpqueue/internal/infra/asynq/timer/metrics.go:67.46,68.36 1 0
github.com/cubny/httpqueue/internal/infra/asynq/timer/metrics.go:69.47,70.37 1 0
github.com/cubny/httpqueue/internal/infra/asynq/timer/metrics.go:71.10,72.29 1 3
github.com/cubny/httpqueue/internal/infra/asynq/timer/metrics.go:76.43,79.2 2 3
github.com/cubny/httpqueue/internal/infra/http/api/middleware/middleware.go:18.48,20.2 1 0
github.com/cubny/httpqueue/internal/infra/http/api/middleware/middleware.go:23.70,26.51 2 0
github.com/cubny/httpqueue/internal/infra/http/api/middleware/middleware.go:37.2,37.15 1 0
github.com/cubny/httpqueue/internal/infra/http/api/middleware/middleware.go:26.51,29.20 2 0
github.com/cubny/httpqueue/internal/infra/http/api/middleware/middleware.go:34.3,34.30 1 0
github.com/cubny/httpqueue/internal/infra/http/api/middleware/middleware.go:29.20,31.12 2 0
github.com/cubny/httpqueue/internal/infra/http/api/middleware/middleware.go:41.64,42.76 1 0
github.com/cubny/httpqueue/internal/infra/http/api/middleware/middleware.go:42.76,45.3 2 0
github.com/cubny/httpqueue/internal/infra/http/api/errors.go:28.66,32.19 2 0
github.com/cubny/httpqueue/internal/infra/http/api/errors.go:46.2,46.19 1 0
github.com/cubny/httpqueue/internal/infra/http/api/errors.go:50.2,50.10 1 0
github.com/cubny/httpqueue/internal/infra/http/api/errors.go:33.24,34.31 1 0
github.com/cubny/httpqueue/internal/infra/http/api/errors.go:35.21,36.28 1 0
github.com/cubny/httpqueue/internal/infra/http/api/errors.go:37.24,38.31 1 0
github.com/cubny/httpqueue/internal/infra/http/api/errors.go:39.19,40.26 1 0
github.com/cubny/httpqueue/internal/infra/http/api/errors.go:41.10,43.30 2 0
github.com/cubny/httpqueue/internal/infra/http/api/errors.go:46.19,48.3 1 0
github.com/cubny/httpqueue/internal/infra/http/api/errors.go:53.71,64.2 4 0
github.com/cubny/httpqueue/internal/infra/http/api/errors.go:67.65,69.2 1 0
github.com/cubny/httpqueue/internal/infra/http/api/errors.go:72.62,74.2 1 0
github.com/cubny/httpqueue/internal/infra/http/api/errors.go:77.65,79.2 1 0
github.com/cubny/httpqueue/internal/infra/http/api/errors.go:82.60,84.2 1 0
github.com/cubny/httpqueue/internal/infra/asynq/timer/relay.go:21.96,22.19 1 8
github.com/cubny/httpqueue/internal/infra/asynq/timer/relay.go:26.2,26.21 1 7
github.com/cubny/httpqueue/internal/infra/asynq/timer/relay.go:30.2,37.19 2 6
github.com/cubny/httpqueue/internal/infra/asynq/timer/relay.go:22.19,24.3 1 1
github.com/cubny/httpqueue/internal/infra/asynq/timer/relay.go:26.21,28.3 1 1
github.com/cubny/httpqueue/internal/infra/asynq/timer/relay.go:42.44,43.6 1 1
github.com/cubny/httpqueue/internal/infra/asynq/timer/relay.go:43.6,44.10 1 4
github.com/cubny/httpqueue/internal/infra/asynq/timer/relay.go:45.21,46.19 1 3
github.com/cubny/httpqueue/internal/infra/asynq/timer/relay.go:47.21,49.10 2 1
github.com/cubny/httpqueue/internal/infra/asynq/timer/relay.go:55.24,57.2 1 1
github.com/cubny/httpqueue/internal/infra/asynq/timer/relay.go:60.47,62.16 2 7
github.com/cubny/httpqueue/internal/infra/asynq/timer/relay.go:67.2,67.27 1 7
github.com/cubny/httpqueue/internal/infra/asynq/timer/relay.go:62.16,65.3 2 1
github.com/cubny/httpqueue/internal/infra/asynq/timer/relay.go:67.27,68.48 1 15
github.com/cubny/httpqueue/internal/infra/asynq/timer/relay.go:68.48,71.4 2 3
github.com/cubny/httpqueue/internal/infra/redis/timer/model.go:21.42,23.2 1 0
github.com/cubny/httpqueue/internal/infra/redis/timer/model.go:25.42,29.2 2 0
github.com/cubny/httpqueue/internal/infra/redis/timer/model.go:31.55,35.2 3 0
github.com/cubny/httpqueue/internal/infra/redis/timer/model.go:37.46,43.2 1 0
github.com/cubny/httpqueue/internal/infra/redis/timer/model.go:45.53,47.16 2 0
github.com/cubny/httpqueue/internal/infra/redis/timer/model.go:51.2,55.8 1 0
github.com/cubny/httpqueue/internal/infra/redis/timer/model.go:47.16,49.3 1 0
github.com/cubny/httpqueue/internal/mocks/app/timer/producer_mock.go:27.53,31.2 3 7
github.com/cubny/httpqueue/internal/mocks/app/timer/producer_mock.go:34.51,36.2 1 5
github.com/cubny/httpqueue/internal/mocks/app/timer/producer_mock.go:39.72,44.2 4 15
github.com/cubny/httpqueue/internal/mocks/app/timer/producer_mock.go:47.75,50.2 2 5
github.com/cubny/httpqueue/internal/mocks/app/timer/repo_mock.go:27.45,31.2 3 0
github.com/cubny/httpqueue/internal/mocks/app/timer/repo_mock.go:34.43,36.2 1 0
github.com/cubny/httpqueue/internal/mocks/app/timer/repo_mock.go:39.72,44.2 4 0
github.com/cubny/httpqueue/internal/mocks/app/timer/repo_mock.go:47.75,50.2 2 0
github.com/cubny/httpqueue/internal/mocks/app/timer/repo_mock.go:53.65,58.2 4 0
github.com/cubny/httpqueue/internal/mocks/app/timer/repo_mock.go:61.74,64.2 2 0
github.com/cubny/httpqueue/internal/mocks/app/timer/repo_mock.go:67.78,73.2 5 0
github.com/cubny/httpqueue/internal/mocks/app/timer/repo_mock.go:76.71,79.2 2 0
github.com/cubny/httpqueue/internal/mocks/app/timer/repo_mock.go:82.76,88.2 5 0
github.com/cubny/httpqueue/internal/mocks/app/timer/repo_mock.go:91.77,94.2 2 0
github.com/cubny/httpqueue/internal/mocks/external/asynq/broker_mock.go:27.49,31.2 3 2
github.com/cubny/httpqueue/internal/mocks/external/asynq/broker_mock.go:34.47,36.2 1 2
github.com/cubny/httpqueue/internal/mocks/external/asynq/broker_mock.go:39.120,42.25 3 1
github.com/cubny/httpqueue/internal/mocks/external/asynq/broker_mock.go:45.2,48.19 4 1
github.com/cubny/httpqueue/internal/mocks/external/asynq/broker_mock.go:42.25,44.3 1 2
github.com/cubny/httpqueue/internal/mocks/external/asynq/broker_mock.go:52.104,56.2 3 2
github.com/cubny/httpqueue/internal/mocks/external/asynq/handler_mock.go:27.51,31.2 3 2
github.com/cubny/httpqueue/internal/mocks/external/asynq/handler_mock.go:34.49,36.2 1 0
github.com/cubny/httpqueue/internal/mocks/external/asynq/handler_mock.go:39.77,44.2 4 0
github.com/cubny/httpqueue/internal/mocks/external/asynq/handler_mock.go:47.81,50.2 2 0
github.com/cubny/httpqueue/internal/infra/asynq/timer/producer.go:22.65,27.2 1 2
github.com/cubny/httpqueue/internal/infra/asynq/timer/producer.go:29.72,30.41 1 2
github.com/cubny/httpqueue/internal/infra/asynq/timer/producer.go:34.2,35.16 2 1
github.com/cubny/httpqueue/internal/infra/asynq/timer/producer.go:39.2,40.12 2 1
github.com/cubny/httpqueue/internal/infra/asynq/timer/producer.go:30.41,32.3 1 1
github.com/cubny/httpqueue/internal/infra/asynq/timer/producer.go:35.16,37.3 1 0
github.com/cubny/httpqueue/internal/infra/asynq/timer/task.go:14.51,16.16 2 1
github.com/cubny/httpqueue/internal/infra/asynq/timer/task.go:19.2,19.46 1 1
github.com/cubny/httpqueue/internal/infra/asynq/timer/task.go:16.16,18.3 1 0
github.com/cubny/httpqueue/internal/app/timer/domain.go:19.63,21.2 1 0
github.com/cubny/httpqueue/internal/app/timer/domain.go:23.85,27.16 3 1
github.com/cubny/httpqueue/internal/app/timer/domain.go:31.2,38.25 5 1
github.com/cubny/httpqueue/internal/app/timer/domain.go:42.2,46.8 1 1
github.com/cubny/httpqueue/internal/app/timer/domain.go:27.16,29.3 1 0
github.com/cubny/httpqueue/internal/app/timer/domain.go:38.25,40.3 1 0
github.com/cubny/httpqueue/internal/app/timer/domain.go:49.47,51.2 1 0
github.com/cubny/httpqueue/internal/app/timer/domain.go:53.34,54.14 1 2
github.com/cubny/httpqueue/internal/app/timer/domain.go:58.2,58.16 1 1
github.com/cubny/httpqueue/internal/app/timer/domain.go:62.2,62.26 1 1
github.com/cubny/httpqueue/internal/app/timer/domain.go:66.2,66.23 1 1
github.com/cubny/httpqueue/internal/app/timer/domain.go:70.2,70.12 1 1
github.com/cubny/httpqueue/internal/app/timer/domain.go:54.14,56.3 1 1
github.com/cubny/httpqueue/internal/app/timer/domain.go:58.16,60.3 1 0
github.com/cubny/httpqueue/internal/app/timer/domain.go:62.26,64.3 1 0
github.com/cubny/httpqueue/internal/app/timer/domain.go:66.23,68.3 1 0
github.com/cubny/httpqueue/internal/app.go:48.46,55.32 6 0
github.com/cubny/httpqueue/internal/app.go:68.2,68.17 1 0
github.com/cubny/httpqueue/internal/app.go:56.18,59.20 3 0
github.com/cubny/httpqueue/internal/app.go:60.22,61.19 1 0
github.com/cubny/httpqueue/internal/app.go:62.20,63.16 1 0
github.com/cubny/httpqueue/internal/app.go:64.18,65.20 1 0
github.com/cubny/httpqueue/internal/app.go:71.46,72.18 1 0
github.com/cubny/httpqueue/internal/app.go:75.2,75.13 1 0
github.com/cubny/httpqueue/internal/app.go:72.18,74.3 1 0
github.com/cubny/httpqueue/internal/app.go:78.31,79.33 1 0
github.com/cubny/httpqueue/internal/app.go:79.33,84.3 3 0
github.com/cubny/httpqueue/internal/app.go:87.34,88.33 1 0
github.com/cubny/httpqueue/internal/app.go:88.33,90.17 2 0
github.com/cubny/httpqueue/internal/app.go:95.3,96.11 2 0
github.com/cubny/httpqueue/internal/app.go:90.17,93.4 2 0
github.com/cubny/httpqueue/internal/app.go:100.33,102.15 1 0
github.com/cubny/httpqueue/internal/app.go:102.15,104.18 2 0
github.com/cubny/httpqueue/internal/app.go:108.4,109.12 2 0
github.com/cubny/httpqueue/internal/app.go:104.18,106.5 1 0
github.com/cubny/httpqueue/internal/app.go:114.32,116.15 1 0
github.com/cubny/httpqueue/internal/app.go:116.15,120.18 4 0
github.com/cubny/httpqueue/internal/app.go:125.4,128.12 3 0
github.com/cubny/httpqueue/internal/app.go:120.18,123.5 2 0
github.com/cubny/httpqueue/internal/app.go:133.38,134.33 1 0
github.com/cubny/httpqueue/internal/app.go:134.33,136.13 2 0
github.com/cubny/httpqueue/internal/app.go:142.3,142.11 1 0
github.com/cubny/httpqueue/internal/app.go:136.13,137.110 1 0
github.com/cubny/httpqueue/internal/app.go:137.110,139.5 1 0
github.com/cubny/httpqueue/internal/app.go:146.36,150.51 4 0
github.com/cubny/httpqueue/internal/app.go:154.2,155.10 2 0
github.com/cubny/httpqueue/internal/app.go:150.51,153.3 2 0
github.com/cubny/httpqueue/internal/app.go:158.36,159.33 1 0
github.com/cubny/httpqueue/internal/app.go:159.33,161.17 2 0
github.com/cubny/httpqueue/internal/app.go:165.3,170.13 2 0
github.com/cubny/httpqueue/internal/app.go:177.3,177.11 1 0
github.com/cubny/httpqueue/internal/app.go:161.17,164.4 2 0
github.com/cubny/httpqueue/internal/app.go:170.13,172.54 2 0
github.com/cubny/httpqueue/internal/app.go:172.54,174.5 1 0
github.com/cubny/httpqueue/internal/app.go:181.35,182.33 1 0
github.com/cubny/httpqueue/internal/app.go:182.33,194.17 4 0
github.com/cubny/httpqueue/internal/app.go:198.3,199.17 2 0
github.com/cubny/httpqueue/internal/app.go:203.3,205.13 2 0
github.com/cubny/httpqueue/internal/app.go:211.3,211.11 1 0
github.com/cubny/httpqueue/internal/app.go:194.17,196.4 1 0
github.com/cubny/httpqueue/internal/app.go:199.17,201.4 1 0
github.com/cubny/httpqueue/internal/app.go:205.13,206.43 1 0
github.com/cubny/httpqueue/internal/app.go:206.43,208.5 1 0
github.com/cubny/httpqueue/internal/app.go:215.28,217.20 2 0
github.com/cubny/httpqueue/internal/app.go:221.2,221.24 1 0
github.com/cubny/httpqueue/internal/app.go:225.2,225.30 1 0
github.com/cubny/httpqueue/internal/app.go:217.20,219.3 1 0
github.com/cubny/httpqueue/internal/app.go:221.24,223.3 1 0
github.com/cubny/httpqueue/internal/app.go:228.24,232.2 3 0
github.com/cubny/httpqueue/internal/mocks/app/timer/http_client_mock.go:27.57,31.2 3 8
github.com/cubny/httpqueue/internal/mocks/app/timer/http_client_mock.go:34.55,36.2 1 3
github.com/cubny/httpqueue/internal/mocks/app/timer/http_client_mock.go:39.75,44.2 4 3
github.com/cubny/httpqueue/internal/mocks/app/timer/http_client_mock.go:47.78,50.2 2 3
